#
# There is insufficient memory for the Java Runtime Environment to continue.
# Native memory allocation (malloc) failed to allocate 1833136 bytes for Chunk::new
# Possible reasons:
#   The system is out of physical RAM or swap space
#   The process is running with CompressedOops enabled, and the Java Heap may be blocking the growth of the native heap
# Possible solutions:
#   Reduce memory load on the system
#   Increase physical memory or swap space
#   Check if swap backing store is full
#   Decrease Java heap size (-Xmx/-Xms)
#   Decrease number of Java threads
#   Decrease Java thread stack sizes (-Xss)
#   Set larger code cache with -XX:ReservedCodeCacheSize=
#   JVM is running with Unscaled Compressed Oops mode in which the Java heap is
#     placed in the first 4GB address space. The Java Heap base address is the
#     maximum limit for the native heap growth. Please use -XX:HeapBaseMinAddress
#     to set the Java Heap base and to place the Java Heap above 4GB virtual address.
# This output file may be truncated or incomplete.
#
#  Out of Memory Error (./src/hotspot/share/memory/arena.cpp:197), pid=34712, tid=7504
#
# JRE version: OpenJDK Runtime Environment (11.0.11+9) (build 11.0.11+9-b60-7590822)
# Java VM: OpenJDK 64-Bit Server VM (11.0.11+9-b60-7590822, mixed mode, tiered, compressed oops, g1 gc, windows-amd64)
# No core dump will be written. Minidumps are not enabled by default on client versions of Windows
#

---------------  S U M M A R Y ------------

Command Line: --add-opens=java.base/java.util=ALL-UNNAMED --add-opens=java.base/java.lang=ALL-UNNAMED --add-opens=java.base/java.lang.invoke=ALL-UNNAMED --add-opens=java.base/java.util=ALL-UNNAMED --add-opens=java.prefs/java.util.prefs=ALL-UNNAMED --add-opens=java.prefs/java.util.prefs=ALL-UNNAMED --add-opens=java.base/java.nio.charset=ALL-UNNAMED --add-opens=java.base/java.net=ALL-UNNAMED --add-opens=java.base/java.util.concurrent.atomic=ALL-UNNAMED -Xmx2048m -Dfile.encoding=UTF-8 -Duser.country=US -Duser.language=en -Duser.variant org.gradle.launcher.daemon.bootstrap.GradleDaemon 7.0.2

Host: Intel(R) Core(TM) i5-2500K CPU @ 3.30GHz, 4 cores, 7G,  Windows 10 , 64 bit Build 19041 (10.0.19041.1566)
Time: Thu Apr 14 23:45:36 2022 Eastern Daylight Time elapsed time: 133.935471 seconds (0d 0h 2m 13s)

---------------  T H R E A D  ---------------

Current thread (0x000002ab29464000):  JavaThread "C2 CompilerThread0" daemon [_thread_in_native, id=7504, stack(0x000000ff89800000,0x000000ff89900000)]


Current CompileTask:
C2: 133935 15713       4       java.lang.reflect.AccessibleObject::checkAccess (40 bytes)

Stack: [0x000000ff89800000,0x000000ff89900000]
Native frames: (J=compiled Java code, j=interpreted, Vv=VM code, C=native code)
V  [jvm.dll+0x5f214a]
V  [jvm.dll+0x726fb5]
V  [jvm.dll+0x7285cd]
V  [jvm.dll+0x728c83]
V  [jvm.dll+0x243278]
V  [jvm.dll+0xbc53c]
V  [jvm.dll+0xbca3c]
V  [jvm.dll+0x353e7d]
V  [jvm.dll+0x19875c]
V  [jvm.dll+0x1fc2ee]
V  [jvm.dll+0x1fb3d4]
V  [jvm.dll+0x183d6c]
V  [jvm.dll+0x209a57]
V  [jvm.dll+0x2082a1]
V  [jvm.dll+0x6ef58f]
V  [jvm.dll+0x6e80b5]
V  [jvm.dll+0x5f1036]
C  [ucrtbase.dll+0x21bb2]
C  [KERNEL32.DLL+0x17034]
C  [ntdll.dll+0x52651]


---------------  P R O C E S S  ---------------

Threads class SMR info:
_java_thread_list=0x000002ab2f624120, length=52, elements={
0x000002ab0f85c800, 0x000002ab2943f000, 0x000002ab29443000, 0x000002ab2945c000,
0x000002ab2945e800, 0x000002ab29461800, 0x000002ab29464000, 0x000002ab2946c000,
0x000002ab29470000, 0x000002ab29f13800, 0x000002ab2b6d5800, 0x000002ab2c407800,
0x000002ab2be36800, 0x000002ab2a828800, 0x000002ab2bfcb800, 0x000002ab2bbae000,
0x000002ab2bbb0000, 0x000002ab2bbaa000, 0x000002ab2bbb0800, 0x000002ab2bbab800,
0x000002ab2db2a800, 0x000002ab2db2b800, 0x000002ab2db2c800, 0x000002ab2db2d000,
0x000002ab2db34800, 0x000002ab2db33000, 0x000002ab2db32000, 0x000002ab30ae9000,
0x000002ab30ae8000, 0x000002ab30aea800, 0x000002ab30ae7000, 0x000002ab30aef800,
0x000002ab30aed000, 0x000002ab30ae9800, 0x000002ab30aee800, 0x000002ab30af0000,
0x000002ab30af1000, 0x000002ab30aeb800, 0x000002ab30af2000, 0x000002ab30aec000,
0x000002ab30af3800, 0x000002ab30aed800, 0x000002ab30af2800, 0x000002ab30af5000,
0x000002ab30af4800, 0x000002ab2db2e800, 0x000002ab2db2f800, 0x000002ab2db2a000,
0x000002ab2db35800, 0x000002ab2db33800, 0x000002ab2db36000, 0x000002ab35a12800
}

Java Threads: ( => current thread )
  0x000002ab0f85c800 JavaThread "main" [_thread_blocked, id=48832, stack(0x000000ff88c00000,0x000000ff88d00000)]
  0x000002ab2943f000 JavaThread "Reference Handler" daemon [_thread_blocked, id=6232, stack(0x000000ff89300000,0x000000ff89400000)]
  0x000002ab29443000 JavaThread "Finalizer" daemon [_thread_blocked, id=135476, stack(0x000000ff89400000,0x000000ff89500000)]
  0x000002ab2945c000 JavaThread "Signal Dispatcher" daemon [_thread_blocked, id=52868, stack(0x000000ff89500000,0x000000ff89600000)]
  0x000002ab2945e800 JavaThread "Attach Listener" daemon [_thread_blocked, id=41436, stack(0x000000ff89600000,0x000000ff89700000)]
  0x000002ab29461800 JavaThread "Service Thread" daemon [_thread_blocked, id=11496, stack(0x000000ff89700000,0x000000ff89800000)]
=>0x000002ab29464000 JavaThread "C2 CompilerThread0" daemon [_thread_in_native, id=7504, stack(0x000000ff89800000,0x000000ff89900000)]
  0x000002ab2946c000 JavaThread "C1 CompilerThread0" daemon [_thread_blocked, id=28532, stack(0x000000ff89900000,0x000000ff89a00000)]
  0x000002ab29470000 JavaThread "Sweeper thread" daemon [_thread_blocked, id=52036, stack(0x000000ff89a00000,0x000000ff89b00000)]
  0x000002ab29f13800 JavaThread "Common-Cleaner" daemon [_thread_blocked, id=53664, stack(0x000000ff89b00000,0x000000ff89c00000)]
  0x000002ab2b6d5800 JavaThread "Daemon health stats" [_thread_blocked, id=41936, stack(0x000000ff8a000000,0x000000ff8a100000)]
  0x000002ab2c407800 JavaThread "Incoming local TCP Connector on port 59770" [_thread_in_native, id=51340, stack(0x000000ff89d00000,0x000000ff89e00000)]
  0x000002ab2be36800 JavaThread "Daemon periodic checks" [_thread_blocked, id=128944, stack(0x000000ff8a100000,0x000000ff8a200000)]
  0x000002ab2a828800 JavaThread "Daemon" [_thread_blocked, id=44564, stack(0x000000ff8a200000,0x000000ff8a300000)]
  0x000002ab2bfcb800 JavaThread "Daemon worker" [_thread_blocked, id=148312, stack(0x000000ff8a500000,0x000000ff8a600000)]
  0x000002ab2bbae000 JavaThread "Cache worker for file hash cache (C:\Users\Matt\.gradle\caches\7.0.2\fileHashes)" [_thread_blocked, id=43300, stack(0x000000ff8a900000,0x000000ff8aa00000)]
  0x000002ab2bbb0000 JavaThread "File lock request listener" [_thread_in_native, id=51856, stack(0x000000ff8aa00000,0x000000ff8ab00000)]
  0x000002ab2bbaa000 JavaThread "Cache worker for journal cache (C:\Users\Matt\.gradle\caches\journal-1)" [_thread_blocked, id=1168, stack(0x000000ff8ac00000,0x000000ff8ad00000)]
  0x000002ab2bbb0800 JavaThread "File watcher server" daemon [_thread_in_native, id=23484, stack(0x000000ff8af00000,0x000000ff8b000000)]
  0x000002ab2bbab800 JavaThread "File watcher consumer" daemon [_thread_blocked, id=51192, stack(0x000000ff8b000000,0x000000ff8b100000)]
  0x000002ab2db2a800 JavaThread "Cache worker for execution history cache (C:\Users\Matt\.gradle\caches\7.0.2\executionHistory)" [_thread_blocked, id=49604, stack(0x000000ff8b400000,0x000000ff8b500000)]
  0x000002ab2db2b800 JavaThread "jar transforms" [_thread_blocked, id=46380, stack(0x000000ff8b500000,0x000000ff8b600000)]
  0x000002ab2db2c800 JavaThread "jar transforms Thread 2" [_thread_blocked, id=10612, stack(0x000000ff8b600000,0x000000ff8b700000)]
  0x000002ab2db2d000 JavaThread "Cache worker for file content cache (C:\Users\Matt\.gradle\caches\7.0.2\fileContent)" [_thread_blocked, id=55848, stack(0x000000ff8b700000,0x000000ff8b800000)]
  0x000002ab2db34800 JavaThread "jar transforms Thread 3" [_thread_blocked, id=122360, stack(0x000000ff8ad00000,0x000000ff8ae00000)]
  0x000002ab2db33000 JavaThread "jar transforms Thread 4" [_thread_blocked, id=33008, stack(0x000000ff8be00000,0x000000ff8bf00000)]
  0x000002ab2db32000 JavaThread "Memory manager" [_thread_blocked, id=43732, stack(0x000000ff8bf00000,0x000000ff8c000000)]
  0x000002ab30ae9000 JavaThread "pool-4-thread-1" [_thread_blocked, id=51996, stack(0x000000ff8bd00000,0x000000ff8be00000)]
  0x000002ab30ae8000 JavaThread "Handler for socket connection from /127.0.0.1:59770 to /127.0.0.1:59833" [_thread_in_native, id=34744, stack(0x000000ff88900000,0x000000ff88a00000)]
  0x000002ab30aea800 JavaThread "Cancel handler" [_thread_blocked, id=56968, stack(0x000000ff88b00000,0x000000ff88c00000)]
  0x000002ab30ae7000 JavaThread "Asynchronous log dispatcher for DefaultDaemonConnection: socket connection from /127.0.0.1:59770 to /127.0.0.1:59833" [_thread_blocked, id=118188, stack(0x000000ff8a300000,0x000000ff8a400000)]
  0x000002ab30aef800 JavaThread "Stdin handler" [_thread_blocked, id=157964, stack(0x000000ff8a400000,0x000000ff8a500000)]
  0x000002ab30aed000 JavaThread "Daemon client event forwarder" [_thread_blocked, id=48708, stack(0x000000ff8a600000,0x000000ff8a700000)]
  0x000002ab30ae9800 JavaThread "Cache worker for file hash cache (C:\Users\Matt\AndroidStudioProjects\MADimalCrossings\.gradle\7.0.2\fileHashes)" [_thread_blocked, id=1068, stack(0x000000ff8a700000,0x000000ff8a800000)]
  0x000002ab30aee800 JavaThread "Cache worker for checksums cache (C:\Users\Matt\AndroidStudioProjects\MADimalCrossings\.gradle\checksums)" [_thread_blocked, id=154404, stack(0x000000ff8a800000,0x000000ff8a900000)]
  0x000002ab30af0000 JavaThread "Cache worker for cache directory md-supplier (C:\Users\Matt\.gradle\caches\7.0.2\md-supplier)" [_thread_blocked, id=135200, stack(0x000000ff8ae00000,0x000000ff8af00000)]
  0x000002ab30af1000 JavaThread "Cache worker for cache directory md-rule (C:\Users\Matt\.gradle\caches\7.0.2\md-rule)" [_thread_blocked, id=16100, stack(0x000000ff8b100000,0x000000ff8b200000)]
  0x000002ab30aeb800 JavaThread "Cache worker for dependencies-accessors (C:\Users\Matt\AndroidStudioProjects\MADimalCrossings\.gradle\7.0.2\dependencies-accessors)" [_thread_blocked, id=5292, stack(0x000000ff8b200000,0x000000ff8b300000)]
  0x000002ab30af2000 JavaThread "Cache worker for Build Output Cleanup Cache (C:\Users\Matt\AndroidStudioProjects\MADimalCrossings\.gradle\buildOutputCleanup)" [_thread_blocked, id=44856, stack(0x000000ff8b300000,0x000000ff8b400000)]
  0x000002ab30aec000 JavaThread "Build operations" [_thread_blocked, id=13652, stack(0x000000ff8b800000,0x000000ff8b900000)]
  0x000002ab30af3800 JavaThread "Build operations Thread 2" [_thread_blocked, id=5176, stack(0x000000ff8b900000,0x000000ff8ba00000)]
  0x000002ab30aed800 JavaThread "Build operations Thread 3" [_thread_blocked, id=152824, stack(0x000000ff8ba00000,0x000000ff8bb00000)]
  0x000002ab30af2800 JavaThread "Build operations Thread 4" [_thread_blocked, id=40056, stack(0x000000ff8bb00000,0x000000ff8bc00000)]
  0x000002ab30af5000 JavaThread "pool-7-thread-1" [_thread_blocked, id=126488, stack(0x000000ff8c200000,0x000000ff8c300000)]
  0x000002ab30af4800 JavaThread "build event listener" [_thread_blocked, id=53804, stack(0x000000ff8c300000,0x000000ff8c400000)]
  0x000002ab2db2e800 JavaThread "Execution worker for ':'" [_thread_in_native, id=15924, stack(0x000000ff8c400000,0x000000ff8c500000)]
  0x000002ab2db2f800 JavaThread "Execution worker for ':' Thread 2" [_thread_blocked, id=40656, stack(0x000000ff8c500000,0x000000ff8c600000)]
  0x000002ab2db2a000 JavaThread "Execution worker for ':' Thread 3" [_thread_blocked, id=39764, stack(0x000000ff8c600000,0x000000ff8c700000)]
  0x000002ab2db35800 JavaThread "Cache worker for execution history cache (C:\Users\Matt\AndroidStudioProjects\MADimalCrossings\.gradle\7.0.2\executionHistory)" [_thread_blocked, id=56464, stack(0x000000ff8c700000,0x000000ff8c800000)]
  0x000002ab2db33800 JavaThread "WorkerExecutor Queue" [_thread_blocked, id=43808, stack(0x000000ff8c800000,0x000000ff8c900000)]
  0x000002ab2db36000 JavaThread "WorkerExecutor Queue Thread 2" [_thread_blocked, id=51132, stack(0x000000ff8c900000,0x000000ff8ca00000)]
  0x000002ab35a12800 JavaThread "C2 CompilerThread1" daemon [_thread_in_native, id=156412, stack(0x000000ff8bc00000,0x000000ff8bd00000)]

Other Threads:
  0x000002ab2943a800 VMThread "VM Thread" [stack: 0x000000ff89200000,0x000000ff89300000] [id=54264]
  0x000002ab29f27800 WatcherThread [stack: 0x000000ff89c00000,0x000000ff89d00000] [id=43316]
  0x000002ab0f874000 GCTaskThread "GC Thread#0" [stack: 0x000000ff88d00000,0x000000ff88e00000] [id=138896]
  0x000002ab2a113000 GCTaskThread "GC Thread#1" [stack: 0x000000ff89e00000,0x000000ff89f00000] [id=11972]
  0x000002ab2a7e6800 GCTaskThread "GC Thread#2" [stack: 0x000000ff89f00000,0x000000ff8a000000] [id=50448]
  0x000002ab2bf94000 GCTaskThread "GC Thread#3" [stack: 0x000000ff8ab00000,0x000000ff8ac00000] [id=48984]
  0x000002ab0f8a6000 ConcurrentGCThread "G1 Main Marker" [stack: 0x000000ff88e00000,0x000000ff88f00000] [id=52428]
  0x000002ab0f8a7000 ConcurrentGCThread "G1 Conc#0" [stack: 0x000000ff88f00000,0x000000ff89000000] [id=50976]
  0x000002ab0f93a000 ConcurrentGCThread "G1 Refine#0" [stack: 0x000000ff89000000,0x000000ff89100000] [id=31972]
  0x000002ab0f93b000 ConcurrentGCThread "G1 Young RemSet Sampling" [stack: 0x000000ff89100000,0x000000ff89200000] [id=49892]

Threads with active compile tasks:
C2 CompilerThread0 134174 15713       4       java.lang.reflect.AccessibleObject::checkAccess (40 bytes)
C2 CompilerThread1 134174 15819       4       com.android.utils.XmlUtils::append (647 bytes)

VM state:not at safepoint (normal execution)

VM Mutex/Monitor currently owned by a thread: None

Heap address: 0x0000000080000000, size: 2048 MB, Compressed Oops mode: 32-bit
Narrow klass base: 0x0000000000000000, Narrow klass shift: 3
Compressed class space size: 1073741824 Address: 0x0000000100000000

Heap:
 garbage-first heap   total 232448K, used 181028K [0x0000000080000000, 0x0000000100000000)
  region size 1024K, 8 young (8192K), 2 survivors (2048K)
 Metaspace       used 119031K, capacity 122322K, committed 122444K, reserved 1155072K
  class space    used 14895K, capacity 16084K, committed 16204K, reserved 1048576K
Heap Regions: E=young(eden), S=young(survivor), O=old, HS=humongous(starts), HC=humongous(continues), CS=collection set, F=free, A=archive, TAMS=top-at-mark-start (previous, next)
|   0|0x0000000080000000, 0x0000000080100000, 0x0000000080100000|100%| O|  |TAMS 0x0000000080100000, 0x0000000080000000| Untracked 
|   1|0x0000000080100000, 0x0000000080200000, 0x0000000080200000|100%| O|  |TAMS 0x0000000080200000, 0x0000000080100000| Untracked 
|   2|0x0000000080200000, 0x0000000080300000, 0x0000000080300000|100%| O|  |TAMS 0x0000000080300000, 0x0000000080200000| Untracked 
|   3|0x0000000080300000, 0x0000000080400000, 0x0000000080400000|100%|HS|  |TAMS 0x0000000080400000, 0x0000000080300000| Complete 
|   4|0x0000000080400000, 0x0000000080500000, 0x0000000080500000|100%|HC|  |TAMS 0x0000000080500000, 0x0000000080400000| Complete 
|   5|0x0000000080500000, 0x0000000080600000, 0x0000000080600000|100%|HC|  |TAMS 0x0000000080600000, 0x0000000080500000| Complete 
|   6|0x0000000080600000, 0x0000000080700000, 0x0000000080700000|100%| O|  |TAMS 0x0000000080700000, 0x0000000080600000| Untracked 
|   7|0x0000000080700000, 0x0000000080800000, 0x0000000080800000|100%| O|  |TAMS 0x0000000080800000, 0x0000000080700000| Untracked 
|   8|0x0000000080800000, 0x0000000080900000, 0x0000000080900000|100%| O|  |TAMS 0x0000000080900000, 0x0000000080800000| Untracked 
|   9|0x0000000080900000, 0x0000000080a00000, 0x0000000080a00000|100%| O|  |TAMS 0x0000000080a00000, 0x0000000080900000| Untracked 
|  10|0x0000000080a00000, 0x0000000080b00000, 0x0000000080b00000|100%| O|  |TAMS 0x0000000080b00000, 0x0000000080a00000| Untracked 
|  11|0x0000000080b00000, 0x0000000080c00000, 0x0000000080c00000|100%| O|  |TAMS 0x0000000080c00000, 0x0000000080b00000| Untracked 
|  12|0x0000000080c00000, 0x0000000080d00000, 0x0000000080d00000|100%| O|  |TAMS 0x0000000080d00000, 0x0000000080c00000| Untracked 
|  13|0x0000000080d00000, 0x0000000080e00000, 0x0000000080e00000|100%| O|  |TAMS 0x0000000080e00000, 0x0000000080d00000| Untracked 
|  14|0x0000000080e00000, 0x0000000080f00000, 0x0000000080f00000|100%| O|  |TAMS 0x0000000080f00000, 0x0000000080e00000| Untracked 
|  15|0x0000000080f00000, 0x0000000081000000, 0x0000000081000000|100%| O|  |TAMS 0x0000000081000000, 0x0000000080f00000| Untracked 
|  16|0x0000000081000000, 0x0000000081100000, 0x0000000081100000|100%| O|  |TAMS 0x0000000081100000, 0x0000000081000000| Untracked 
|  17|0x0000000081100000, 0x0000000081200000, 0x0000000081200000|100%|HS|  |TAMS 0x0000000081200000, 0x0000000081100000| Complete 
|  18|0x0000000081200000, 0x0000000081300000, 0x0000000081300000|100%| O|  |TAMS 0x0000000081300000, 0x0000000081200000| Untracked 
|  19|0x0000000081300000, 0x0000000081400000, 0x0000000081400000|100%| O|  |TAMS 0x0000000081400000, 0x0000000081300000| Untracked 
|  20|0x0000000081400000, 0x0000000081500000, 0x0000000081500000|100%| O|  |TAMS 0x0000000081500000, 0x0000000081400000| Untracked 
|  21|0x0000000081500000, 0x0000000081600000, 0x0000000081600000|100%| O|  |TAMS 0x0000000081600000, 0x0000000081500000| Untracked 
|  22|0x0000000081600000, 0x0000000081700000, 0x0000000081700000|100%| O|  |TAMS 0x0000000081700000, 0x0000000081600000| Untracked 
|  23|0x0000000081700000, 0x0000000081800000, 0x0000000081800000|100%|HS|  |TAMS 0x0000000081800000, 0x0000000081700000| Complete 
|  24|0x0000000081800000, 0x0000000081900000, 0x0000000081900000|100%|HS|  |TAMS 0x0000000081900000, 0x0000000081800000| Complete 
|  25|0x0000000081900000, 0x0000000081a00000, 0x0000000081a00000|100%|HC|  |TAMS 0x0000000081a00000, 0x0000000081900000| Complete 
|  26|0x0000000081a00000, 0x0000000081b00000, 0x0000000081b00000|100%| O|  |TAMS 0x0000000081b00000, 0x0000000081a00000| Untracked 
|  27|0x0000000081b00000, 0x0000000081c00000, 0x0000000081c00000|100%| O|  |TAMS 0x0000000081c00000, 0x0000000081b00000| Untracked 
|  28|0x0000000081c00000, 0x0000000081d00000, 0x0000000081d00000|100%| O|  |TAMS 0x0000000081d00000, 0x0000000081c00000| Untracked 
|  29|0x0000000081d00000, 0x0000000081e00000, 0x0000000081e00000|100%| O|  |TAMS 0x0000000081e00000, 0x0000000081d00000| Untracked 
|  30|0x0000000081e00000, 0x0000000081f00000, 0x0000000081f00000|100%| O|  |TAMS 0x0000000081f00000, 0x0000000081e00000| Untracked 
|  31|0x0000000081f00000, 0x0000000082000000, 0x0000000082000000|100%| O|  |TAMS 0x0000000082000000, 0x0000000081f00000| Untracked 
|  32|0x0000000082000000, 0x0000000082100000, 0x0000000082100000|100%| O|  |TAMS 0x0000000082100000, 0x0000000082000000| Untracked 
|  33|0x0000000082100000, 0x0000000082200000, 0x0000000082200000|100%| O|  |TAMS 0x0000000082200000, 0x0000000082100000| Untracked 
|  34|0x0000000082200000, 0x0000000082300000, 0x0000000082300000|100%| O|  |TAMS 0x0000000082300000, 0x0000000082200000| Untracked 
|  35|0x0000000082300000, 0x0000000082400000, 0x0000000082400000|100%| O|  |TAMS 0x0000000082400000, 0x0000000082300000| Untracked 
|  36|0x0000000082400000, 0x0000000082500000, 0x0000000082500000|100%| O|  |TAMS 0x0000000082500000, 0x0000000082400000| Untracked 
|  37|0x0000000082500000, 0x0000000082600000, 0x0000000082600000|100%| O|  |TAMS 0x0000000082600000, 0x0000000082500000| Untracked 
|  38|0x0000000082600000, 0x0000000082700000, 0x0000000082700000|100%| O|  |TAMS 0x0000000082700000, 0x0000000082600000| Untracked 
|  39|0x0000000082700000, 0x0000000082800000, 0x0000000082800000|100%| O|  |TAMS 0x0000000082800000, 0x0000000082700000| Untracked 
|  40|0x0000000082800000, 0x0000000082900000, 0x0000000082900000|100%| O|  |TAMS 0x0000000082900000, 0x0000000082800000| Untracked 
|  41|0x0000000082900000, 0x0000000082a00000, 0x0000000082a00000|100%| O|  |TAMS 0x0000000082a00000, 0x0000000082900000| Untracked 
|  42|0x0000000082a00000, 0x0000000082b00000, 0x0000000082b00000|100%| O|  |TAMS 0x0000000082b00000, 0x0000000082a00000| Untracked 
|  43|0x0000000082b00000, 0x0000000082c00000, 0x0000000082c00000|100%| O|  |TAMS 0x0000000082c00000, 0x0000000082b00000| Untracked 
|  44|0x0000000082c00000, 0x0000000082d00000, 0x0000000082d00000|100%| O|  |TAMS 0x0000000082d00000, 0x0000000082c00000| Untracked 
|  45|0x0000000082d00000, 0x0000000082e00000, 0x0000000082e00000|100%| O|  |TAMS 0x0000000082e00000, 0x0000000082d00000| Untracked 
|  46|0x0000000082e00000, 0x0000000082f00000, 0x0000000082f00000|100%| O|  |TAMS 0x0000000082f00000, 0x0000000082e00000| Untracked 
|  47|0x0000000082f00000, 0x0000000083000000, 0x0000000083000000|100%| O|  |TAMS 0x0000000083000000, 0x0000000082f00000| Untracked 
|  48|0x0000000083000000, 0x0000000083100000, 0x0000000083100000|100%| O|  |TAMS 0x0000000083100000, 0x0000000083000000| Untracked 
|  49|0x0000000083100000, 0x0000000083200000, 0x0000000083200000|100%| O|  |TAMS 0x0000000083200000, 0x0000000083100000| Untracked 
|  50|0x0000000083200000, 0x0000000083300000, 0x0000000083300000|100%| O|  |TAMS 0x0000000083300000, 0x0000000083200000| Untracked 
|  51|0x0000000083300000, 0x0000000083400000, 0x0000000083400000|100%| O|  |TAMS 0x0000000083400000, 0x0000000083300000| Untracked 
|  52|0x0000000083400000, 0x0000000083500000, 0x0000000083500000|100%|HS|  |TAMS 0x0000000083500000, 0x0000000083400000| Complete 
|  53|0x0000000083500000, 0x0000000083600000, 0x0000000083600000|100%|HC|  |TAMS 0x0000000083600000, 0x0000000083500000| Complete 
|  54|0x0000000083600000, 0x0000000083700000, 0x0000000083700000|100%|HS|  |TAMS 0x0000000083700000, 0x0000000083600000| Complete 
|  55|0x0000000083700000, 0x0000000083800000, 0x0000000083800000|100%|HC|  |TAMS 0x0000000083800000, 0x0000000083700000| Complete 
|  56|0x0000000083800000, 0x0000000083900000, 0x0000000083900000|100%|HC|  |TAMS 0x0000000083900000, 0x0000000083800000| Complete 
|  57|0x0000000083900000, 0x0000000083a00000, 0x0000000083a00000|100%|HS|  |TAMS 0x0000000083a00000, 0x0000000083900000| Complete 
|  58|0x0000000083a00000, 0x0000000083b00000, 0x0000000083b00000|100%|HC|  |TAMS 0x0000000083b00000, 0x0000000083a00000| Complete 
|  59|0x0000000083b00000, 0x0000000083c00000, 0x0000000083c00000|100%|HC|  |TAMS 0x0000000083c00000, 0x0000000083b00000| Complete 
|  60|0x0000000083c00000, 0x0000000083d00000, 0x0000000083d00000|100%|HC|  |TAMS 0x0000000083d00000, 0x0000000083c00000| Complete 
|  61|0x0000000083d00000, 0x0000000083e00000, 0x0000000083e00000|100%| O|  |TAMS 0x0000000083e00000, 0x0000000083d00000| Untracked 
|  62|0x0000000083e00000, 0x0000000083f00000, 0x0000000083f00000|100%| O|  |TAMS 0x0000000083f00000, 0x0000000083e00000| Untracked 
|  63|0x0000000083f00000, 0x0000000084000000, 0x0000000084000000|100%| O|  |TAMS 0x0000000084000000, 0x0000000083f00000| Untracked 
|  64|0x0000000084000000, 0x0000000084100000, 0x0000000084100000|100%| O|  |TAMS 0x0000000084100000, 0x0000000084000000| Untracked 
|  65|0x0000000084100000, 0x0000000084200000, 0x0000000084200000|100%| O|  |TAMS 0x0000000084200000, 0x0000000084100000| Untracked 
|  66|0x0000000084200000, 0x0000000084300000, 0x0000000084300000|100%| O|  |TAMS 0x0000000084300000, 0x0000000084200000| Untracked 
|  67|0x0000000084300000, 0x0000000084400000, 0x0000000084400000|100%| O|  |TAMS 0x0000000084400000, 0x0000000084300000| Untracked 
|  68|0x0000000084400000, 0x0000000084500000, 0x0000000084500000|100%| O|  |TAMS 0x0000000084500000, 0x0000000084400000| Untracked 
|  69|0x0000000084500000, 0x0000000084600000, 0x0000000084600000|100%| O|  |TAMS 0x0000000084600000, 0x0000000084500000| Untracked 
|  70|0x0000000084600000, 0x0000000084700000, 0x0000000084700000|100%| O|  |TAMS 0x0000000084700000, 0x0000000084600000| Untracked 
|  71|0x0000000084700000, 0x0000000084800000, 0x0000000084800000|100%|HS|  |TAMS 0x0000000084800000, 0x0000000084700000| Complete 
|  72|0x0000000084800000, 0x0000000084900000, 0x0000000084900000|100%|HC|  |TAMS 0x0000000084900000, 0x0000000084800000| Complete 
|  73|0x0000000084900000, 0x0000000084a00000, 0x0000000084a00000|100%|HC|  |TAMS 0x0000000084a00000, 0x0000000084900000| Complete 
|  74|0x0000000084a00000, 0x0000000084b00000, 0x0000000084b00000|100%| O|  |TAMS 0x0000000084b00000, 0x0000000084a00000| Untracked 
|  75|0x0000000084b00000, 0x0000000084c00000, 0x0000000084c00000|100%| O|  |TAMS 0x0000000084c00000, 0x0000000084b00000| Untracked 
|  76|0x0000000084c00000, 0x0000000084d00000, 0x0000000084d00000|100%| O|  |TAMS 0x0000000084d00000, 0x0000000084c00000| Untracked 
|  77|0x0000000084d00000, 0x0000000084e00000, 0x0000000084e00000|100%| O|  |TAMS 0x0000000084e00000, 0x0000000084d00000| Untracked 
|  78|0x0000000084e00000, 0x0000000084f00000, 0x0000000084f00000|100%| O|  |TAMS 0x0000000084f00000, 0x0000000084e00000| Untracked 
|  79|0x0000000084f00000, 0x0000000085000000, 0x0000000085000000|100%|HS|  |TAMS 0x0000000085000000, 0x0000000084f00000| Complete 
|  80|0x0000000085000000, 0x0000000085100000, 0x0000000085100000|100%|HC|  |TAMS 0x0000000085100000, 0x0000000085000000| Complete 
|  81|0x0000000085100000, 0x0000000085200000, 0x0000000085200000|100%|HC|  |TAMS 0x0000000085200000, 0x0000000085100000| Complete 
|  82|0x0000000085200000, 0x0000000085300000, 0x0000000085300000|100%|HC|  |TAMS 0x0000000085300000, 0x0000000085200000| Complete 
|  83|0x0000000085300000, 0x0000000085400000, 0x0000000085400000|100%| O|  |TAMS 0x0000000085400000, 0x0000000085300000| Untracked 
|  84|0x0000000085400000, 0x0000000085500000, 0x0000000085500000|100%| O|  |TAMS 0x0000000085500000, 0x0000000085400000| Untracked 
|  85|0x0000000085500000, 0x0000000085600000, 0x0000000085600000|100%| O|  |TAMS 0x0000000085600000, 0x0000000085500000| Untracked 
|  86|0x0000000085600000, 0x0000000085700000, 0x0000000085700000|100%|HS|  |TAMS 0x0000000085600000, 0x0000000085600000| Complete 
|  87|0x0000000085700000, 0x0000000085800000, 0x0000000085800000|100%|HS|  |TAMS 0x0000000085800000, 0x0000000085700000| Complete 
|  88|0x0000000085800000, 0x0000000085900000, 0x0000000085900000|100%|HC|  |TAMS 0x0000000085900000, 0x0000000085800000| Complete 
|  89|0x0000000085900000, 0x0000000085a00000, 0x0000000085a00000|100%|HS|  |TAMS 0x0000000085a00000, 0x0000000085900000| Complete 
|  90|0x0000000085a00000, 0x0000000085b00000, 0x0000000085b00000|100%|HC|  |TAMS 0x0000000085b00000, 0x0000000085a00000| Complete 
|  91|0x0000000085b00000, 0x0000000085c00000, 0x0000000085c00000|100%|HC|  |TAMS 0x0000000085c00000, 0x0000000085b00000| Complete 
|  92|0x0000000085c00000, 0x0000000085d00000, 0x0000000085d00000|100%|HS|  |TAMS 0x0000000085d00000, 0x0000000085c00000| Complete 
|  93|0x0000000085d00000, 0x0000000085e00000, 0x0000000085e00000|100%|HC|  |TAMS 0x0000000085e00000, 0x0000000085d00000| Complete 
|  94|0x0000000085e00000, 0x0000000085f00000, 0x0000000085f00000|100%|HC|  |TAMS 0x0000000085f00000, 0x0000000085e00000| Complete 
|  95|0x0000000085f00000, 0x0000000086000000, 0x0000000086000000|100%|HC|  |TAMS 0x0000000086000000, 0x0000000085f00000| Complete 
|  96|0x0000000086000000, 0x0000000086100000, 0x0000000086100000|100%| O|  |TAMS 0x0000000086100000, 0x0000000086000000| Untracked 
|  97|0x0000000086100000, 0x0000000086200000, 0x0000000086200000|100%| O|  |TAMS 0x0000000086200000, 0x0000000086100000| Untracked 
|  98|0x0000000086200000, 0x0000000086300000, 0x0000000086300000|100%| O|  |TAMS 0x0000000086300000, 0x0000000086200000| Untracked 
|  99|0x0000000086300000, 0x0000000086400000, 0x0000000086400000|100%| O|  |TAMS 0x0000000086400000, 0x0000000086300000| Untracked 
| 100|0x0000000086400000, 0x0000000086500000, 0x0000000086500000|100%| O|  |TAMS 0x0000000086500000, 0x0000000086400000| Untracked 
| 101|0x0000000086500000, 0x0000000086600000, 0x0000000086600000|100%| O|  |TAMS 0x0000000086600000, 0x0000000086500000| Untracked 
| 102|0x0000000086600000, 0x0000000086700000, 0x0000000086700000|100%| O|  |TAMS 0x0000000086700000, 0x0000000086600000| Untracked 
| 103|0x0000000086700000, 0x0000000086800000, 0x0000000086800000|100%| O|  |TAMS 0x0000000086800000, 0x0000000086700000| Untracked 
| 104|0x0000000086800000, 0x0000000086900000, 0x0000000086900000|100%| O|  |TAMS 0x0000000086900000, 0x0000000086800000| Untracked 
| 105|0x0000000086900000, 0x0000000086a00000, 0x0000000086a00000|100%| O|  |TAMS 0x0000000086a00000, 0x0000000086900000| Untracked 
| 106|0x0000000086a00000, 0x0000000086b00000, 0x0000000086b00000|100%| O|  |TAMS 0x0000000086b00000, 0x0000000086a00000| Untracked 
| 107|0x0000000086b00000, 0x0000000086c00000, 0x0000000086c00000|100%| O|  |TAMS 0x0000000086c00000, 0x0000000086b00000| Untracked 
| 108|0x0000000086c00000, 0x0000000086d00000, 0x0000000086d00000|100%| O|  |TAMS 0x0000000086d00000, 0x0000000086c00000| Untracked 
| 109|0x0000000086d00000, 0x0000000086e00000, 0x0000000086e00000|100%| O|  |TAMS 0x0000000086e00000, 0x0000000086d00000| Untracked 
| 110|0x0000000086e00000, 0x0000000086f00000, 0x0000000086f00000|100%| O|  |TAMS 0x0000000086f00000, 0x0000000086e00000| Untracked 
| 111|0x0000000086f00000, 0x0000000087000000, 0x0000000087000000|100%| O|  |TAMS 0x0000000087000000, 0x0000000086f00000| Untracked 
| 112|0x0000000087000000, 0x0000000087100000, 0x0000000087100000|100%| O|  |TAMS 0x0000000087100000, 0x0000000087000000| Untracked 
| 113|0x0000000087100000, 0x0000000087200000, 0x0000000087200000|100%| O|  |TAMS 0x0000000087200000, 0x0000000087100000| Untracked 
| 114|0x0000000087200000, 0x0000000087300000, 0x0000000087300000|100%| O|  |TAMS 0x0000000087300000, 0x0000000087200000| Untracked 
| 115|0x0000000087300000, 0x0000000087400000, 0x0000000087400000|100%| O|  |TAMS 0x0000000087400000, 0x0000000087300000| Untracked 
| 116|0x0000000087400000, 0x0000000087500000, 0x0000000087500000|100%| O|  |TAMS 0x0000000087500000, 0x0000000087400000| Untracked 
| 117|0x0000000087500000, 0x0000000087600000, 0x0000000087600000|100%| O|  |TAMS 0x0000000087600000, 0x0000000087500000| Untracked 
| 118|0x0000000087600000, 0x00000000876c9000, 0x0000000087700000| 78%| O|  |TAMS 0x0000000087600000, 0x0000000087600000| Untracked 
| 119|0x0000000087700000, 0x0000000087800000, 0x0000000087800000|100%| O|  |TAMS 0x0000000087800000, 0x0000000087700000| Untracked 
| 120|0x0000000087800000, 0x0000000087900000, 0x0000000087900000|100%| O|  |TAMS 0x0000000087900000, 0x0000000087800000| Untracked 
| 121|0x0000000087900000, 0x0000000087a00000, 0x0000000087a00000|100%| O|  |TAMS 0x0000000087a00000, 0x0000000087900000| Untracked 
| 122|0x0000000087a00000, 0x0000000087b00000, 0x0000000087b00000|100%| O|  |TAMS 0x0000000087b00000, 0x0000000087a00000| Untracked 
| 123|0x0000000087b00000, 0x0000000087c00000, 0x0000000087c00000|100%| O|  |TAMS 0x0000000087c00000, 0x0000000087b00000| Untracked 
| 124|0x0000000087c00000, 0x0000000087d00000, 0x0000000087d00000|100%| O|  |TAMS 0x0000000087d00000, 0x0000000087c00000| Untracked 
| 125|0x0000000087d00000, 0x0000000087e00000, 0x0000000087e00000|100%| O|  |TAMS 0x0000000087e00000, 0x0000000087d00000| Untracked 
| 126|0x0000000087e00000, 0x0000000087f00000, 0x0000000087f00000|100%| O|  |TAMS 0x0000000087f00000, 0x0000000087e00000| Untracked 
| 127|0x0000000087f00000, 0x0000000088000000, 0x0000000088000000|100%| O|  |TAMS 0x0000000088000000, 0x0000000087f00000| Untracked 
| 128|0x0000000088000000, 0x0000000088100000, 0x0000000088100000|100%| O|  |TAMS 0x0000000088100000, 0x0000000088000000| Untracked 
| 129|0x0000000088100000, 0x0000000088200000, 0x0000000088200000|100%| O|  |TAMS 0x0000000088200000, 0x0000000088100000| Untracked 
| 130|0x0000000088200000, 0x0000000088300000, 0x0000000088300000|100%| O|  |TAMS 0x0000000088300000, 0x0000000088200000| Untracked 
| 131|0x0000000088300000, 0x0000000088400000, 0x0000000088400000|100%| O|  |TAMS 0x0000000088400000, 0x0000000088300000| Untracked 
| 132|0x0000000088400000, 0x0000000088500000, 0x0000000088500000|100%|HS|  |TAMS 0x0000000088500000, 0x0000000088400000| Complete 
| 133|0x0000000088500000, 0x0000000088600000, 0x0000000088600000|100%| O|  |TAMS 0x0000000088600000, 0x0000000088500000| Untracked 
| 134|0x0000000088600000, 0x0000000088700000, 0x0000000088700000|100%| O|  |TAMS 0x0000000088700000, 0x0000000088600000| Untracked 
| 135|0x0000000088700000, 0x0000000088800000, 0x0000000088800000|100%| O|  |TAMS 0x0000000088800000, 0x0000000088700000| Untracked 
| 136|0x0000000088800000, 0x0000000088900000, 0x0000000088900000|100%| O|  |TAMS 0x0000000088900000, 0x0000000088800000| Untracked 
| 137|0x0000000088900000, 0x0000000088a00000, 0x0000000088a00000|100%| O|  |TAMS 0x0000000088a00000, 0x0000000088900000| Untracked 
| 138|0x0000000088a00000, 0x0000000088b00000, 0x0000000088b00000|100%| O|  |TAMS 0x0000000088b00000, 0x0000000088a00000| Untracked 
| 139|0x0000000088b00000, 0x0000000088c00000, 0x0000000088c00000|100%| O|  |TAMS 0x0000000088c00000, 0x0000000088b00000| Untracked 
| 140|0x0000000088c00000, 0x0000000088d00000, 0x0000000088d00000|100%| O|  |TAMS 0x0000000088d00000, 0x0000000088c00000| Untracked 
| 141|0x0000000088d00000, 0x0000000088e00000, 0x0000000088e00000|100%| O|  |TAMS 0x0000000088e00000, 0x0000000088d00000| Untracked 
| 142|0x0000000088e00000, 0x0000000088f00000, 0x0000000088f00000|100%| O|  |TAMS 0x0000000088f00000, 0x0000000088e00000| Untracked 
| 143|0x0000000088f00000, 0x0000000089000000, 0x0000000089000000|100%| O|  |TAMS 0x0000000089000000, 0x0000000088f00000| Untracked 
| 144|0x0000000089000000, 0x0000000089100000, 0x0000000089100000|100%| O|  |TAMS 0x0000000089100000, 0x0000000089000000| Untracked 
| 145|0x0000000089100000, 0x0000000089200000, 0x0000000089200000|100%| O|  |TAMS 0x0000000089200000, 0x0000000089100000| Untracked 
| 146|0x0000000089200000, 0x0000000089200000, 0x0000000089300000|  0%| F|  |TAMS 0x0000000089200000, 0x0000000089200000| Untracked 
| 147|0x0000000089300000, 0x0000000089400000, 0x0000000089400000|100%| O|  |TAMS 0x0000000089400000, 0x0000000089300000| Untracked 
| 148|0x0000000089400000, 0x0000000089500000, 0x0000000089500000|100%| O|  |TAMS 0x0000000089500000, 0x0000000089400000| Untracked 
| 149|0x0000000089500000, 0x0000000089600000, 0x0000000089600000|100%| O|  |TAMS 0x0000000089600000, 0x0000000089500000| Untracked 
| 150|0x0000000089600000, 0x0000000089700000, 0x0000000089700000|100%| O|  |TAMS 0x0000000089700000, 0x0000000089600000| Untracked 
| 151|0x0000000089700000, 0x0000000089800000, 0x0000000089800000|100%| O|  |TAMS 0x0000000089800000, 0x0000000089700000| Untracked 
| 152|0x0000000089800000, 0x0000000089900000, 0x0000000089900000|100%| O|  |TAMS 0x0000000089900000, 0x0000000089800000| Untracked 
| 153|0x0000000089900000, 0x0000000089a00000, 0x0000000089a00000|100%| O|  |TAMS 0x0000000089a00000, 0x0000000089900000| Untracked 
| 154|0x0000000089a00000, 0x0000000089a00000, 0x0000000089b00000|  0%| F|  |TAMS 0x0000000089a00000, 0x0000000089a00000| Untracked 
| 155|0x0000000089b00000, 0x0000000089c00000, 0x0000000089c00000|100%| O|  |TAMS 0x0000000089c00000, 0x0000000089b00000| Untracked 
| 156|0x0000000089c00000, 0x0000000089d00000, 0x0000000089d00000|100%| O|  |TAMS 0x0000000089d00000, 0x0000000089c00000| Untracked 
| 157|0x0000000089d00000, 0x0000000089e00000, 0x0000000089e00000|100%|HS|  |TAMS 0x0000000089d00000, 0x0000000089d00000| Complete 
| 158|0x0000000089e00000, 0x0000000089f00000, 0x0000000089f00000|100%|HC|  |TAMS 0x0000000089e00000, 0x0000000089e00000| Complete 
| 159|0x0000000089f00000, 0x000000008a000000, 0x000000008a000000|100%|HS|  |TAMS 0x0000000089f00000, 0x0000000089f00000| Complete 
| 160|0x000000008a000000, 0x000000008a100000, 0x000000008a100000|100%|HC|  |TAMS 0x000000008a000000, 0x000000008a000000| Complete 
| 161|0x000000008a100000, 0x000000008a200000, 0x000000008a200000|100%|HC|  |TAMS 0x000000008a100000, 0x000000008a100000| Complete 
| 162|0x000000008a200000, 0x000000008a300000, 0x000000008a300000|100%|HC|  |TAMS 0x000000008a200000, 0x000000008a200000| Complete 
| 163|0x000000008a300000, 0x000000008a400000, 0x000000008a400000|100%|HS|  |TAMS 0x000000008a300000, 0x000000008a300000| Complete 
| 164|0x000000008a400000, 0x000000008a500000, 0x000000008a500000|100%|HC|  |TAMS 0x000000008a400000, 0x000000008a400000| Complete 
| 165|0x000000008a500000, 0x000000008a600000, 0x000000008a600000|100%|HS|  |TAMS 0x000000008a500000, 0x000000008a500000| Complete 
| 166|0x000000008a600000, 0x000000008a700000, 0x000000008a700000|100%|HC|  |TAMS 0x000000008a600000, 0x000000008a600000| Complete 
| 167|0x000000008a700000, 0x000000008a800000, 0x000000008a800000|100%|HC|  |TAMS 0x000000008a700000, 0x000000008a700000| Complete 
| 168|0x000000008a800000, 0x000000008a900000, 0x000000008a900000|100%|HC|  |TAMS 0x000000008a800000, 0x000000008a800000| Complete 
| 169|0x000000008a900000, 0x000000008aa00000, 0x000000008aa00000|100%|HS|  |TAMS 0x000000008a900000, 0x000000008a900000| Complete 
| 170|0x000000008aa00000, 0x000000008ab00000, 0x000000008ab00000|100%|HC|  |TAMS 0x000000008aa00000, 0x000000008aa00000| Complete 
| 171|0x000000008ab00000, 0x000000008ac00000, 0x000000008ac00000|100%|HC|  |TAMS 0x000000008ab00000, 0x000000008ab00000| Complete 
| 172|0x000000008ac00000, 0x000000008ad00000, 0x000000008ad00000|100%|HC|  |TAMS 0x000000008ac00000, 0x000000008ac00000| Complete 
| 173|0x000000008ad00000, 0x000000008ad00000, 0x000000008ae00000|  0%| F|  |TAMS 0x000000008ad00000, 0x000000008ad00000| Untracked 
| 174|0x000000008ae00000, 0x000000008ae00000, 0x000000008af00000|  0%| F|  |TAMS 0x000000008ae00000, 0x000000008ae00000| Untracked 
| 175|0x000000008af00000, 0x000000008af00000, 0x000000008b000000|  0%| F|  |TAMS 0x000000008af00000, 0x000000008af00000| Untracked 
| 176|0x000000008b000000, 0x000000008b000000, 0x000000008b100000|  0%| F|  |TAMS 0x000000008b000000, 0x000000008b000000| Untracked 
| 177|0x000000008b100000, 0x000000008b100000, 0x000000008b200000|  0%| F|  |TAMS 0x000000008b100000, 0x000000008b100000| Untracked 
| 178|0x000000008b200000, 0x000000008b200000, 0x000000008b300000|  0%| F|  |TAMS 0x000000008b200000, 0x000000008b200000| Untracked 
| 179|0x000000008b300000, 0x000000008b300000, 0x000000008b400000|  0%| F|  |TAMS 0x000000008b300000, 0x000000008b300000| Untracked 
| 180|0x000000008b400000, 0x000000008b400000, 0x000000008b500000|  0%| F|  |TAMS 0x000000008b400000, 0x000000008b400000| Untracked 
| 181|0x000000008b500000, 0x000000008b500000, 0x000000008b600000|  0%| F|  |TAMS 0x000000008b500000, 0x000000008b500000| Untracked 
| 182|0x000000008b600000, 0x000000008b600000, 0x000000008b700000|  0%| F|  |TAMS 0x000000008b600000, 0x000000008b600000| Untracked 
| 183|0x000000008b700000, 0x000000008b700000, 0x000000008b800000|  0%| F|  |TAMS 0x000000008b700000, 0x000000008b700000| Untracked 
| 184|0x000000008b800000, 0x000000008b800000, 0x000000008b900000|  0%| F|  |TAMS 0x000000008b800000, 0x000000008b800000| Untracked 
| 185|0x000000008b900000, 0x000000008b900000, 0x000000008ba00000|  0%| F|  |TAMS 0x000000008b900000, 0x000000008b900000| Untracked 
| 186|0x000000008ba00000, 0x000000008ba00000, 0x000000008bb00000|  0%| F|  |TAMS 0x000000008ba00000, 0x000000008ba00000| Untracked 
| 187|0x000000008bb00000, 0x000000008bb00000, 0x000000008bc00000|  0%| F|  |TAMS 0x000000008bb00000, 0x000000008bb00000| Untracked 
| 188|0x000000008bc00000, 0x000000008bc00000, 0x000000008bd00000|  0%| F|  |TAMS 0x000000008bc00000, 0x000000008bc00000| Untracked 
| 189|0x000000008bd00000, 0x000000008bd00000, 0x000000008be00000|  0%| F|  |TAMS 0x000000008bd00000, 0x000000008bd00000| Untracked 
| 190|0x000000008be00000, 0x000000008be00000, 0x000000008bf00000|  0%| F|  |TAMS 0x000000008be00000, 0x000000008be00000| Untracked 
| 191|0x000000008bf00000, 0x000000008bf00000, 0x000000008c000000|  0%| F|  |TAMS 0x000000008bf00000, 0x000000008bf00000| Untracked 
| 192|0x000000008c000000, 0x000000008c000000, 0x000000008c100000|  0%| F|  |TAMS 0x000000008c000000, 0x000000008c000000| Untracked 
| 193|0x000000008c100000, 0x000000008c100000, 0x000000008c200000|  0%| F|  |TAMS 0x000000008c100000, 0x000000008c100000| Untracked 
| 194|0x000000008c200000, 0x000000008c200000, 0x000000008c300000|  0%| F|  |TAMS 0x000000008c200000, 0x000000008c200000| Untracked 
| 195|0x000000008c300000, 0x000000008c300000, 0x000000008c400000|  0%| F|  |TAMS 0x000000008c300000, 0x000000008c300000| Untracked 
| 196|0x000000008c400000, 0x000000008c400000, 0x000000008c500000|  0%| F|  |TAMS 0x000000008c400000, 0x000000008c400000| Untracked 
| 197|0x000000008c500000, 0x000000008c500000, 0x000000008c600000|  0%| F|  |TAMS 0x000000008c500000, 0x000000008c500000| Untracked 
| 198|0x000000008c600000, 0x000000008c600000, 0x000000008c700000|  0%| F|  |TAMS 0x000000008c600000, 0x000000008c600000| Untracked 
| 199|0x000000008c700000, 0x000000008c700000, 0x000000008c800000|  0%| F|  |TAMS 0x000000008c700000, 0x000000008c700000| Untracked 
| 200|0x000000008c800000, 0x000000008c800000, 0x000000008c900000|  0%| F|  |TAMS 0x000000008c800000, 0x000000008c800000| Untracked 
| 201|0x000000008c900000, 0x000000008c900000, 0x000000008ca00000|  0%| F|  |TAMS 0x000000008c900000, 0x000000008c900000| Untracked 
| 202|0x000000008ca00000, 0x000000008ca00000, 0x000000008cb00000|  0%| F|  |TAMS 0x000000008ca00000, 0x000000008ca00000| Untracked 
| 203|0x000000008cb00000, 0x000000008cb00000, 0x000000008cc00000|  0%| F|  |TAMS 0x000000008cb00000, 0x000000008cb00000| Untracked 
| 204|0x000000008cc00000, 0x000000008cc00000, 0x000000008cd00000|  0%| F|  |TAMS 0x000000008cc00000, 0x000000008cc00000| Untracked 
| 205|0x000000008cd00000, 0x000000008cd00000, 0x000000008ce00000|  0%| F|  |TAMS 0x000000008cd00000, 0x000000008cd00000| Untracked 
| 206|0x000000008ce00000, 0x000000008ce00000, 0x000000008cf00000|  0%| F|  |TAMS 0x000000008ce00000, 0x000000008ce00000| Untracked 
| 207|0x000000008cf00000, 0x000000008cf00000, 0x000000008d000000|  0%| F|  |TAMS 0x000000008cf00000, 0x000000008cf00000| Untracked 
| 208|0x000000008d000000, 0x000000008d000000, 0x000000008d100000|  0%| F|  |TAMS 0x000000008d000000, 0x000000008d000000| Untracked 
| 209|0x000000008d100000, 0x000000008d100000, 0x000000008d200000|  0%| F|  |TAMS 0x000000008d100000, 0x000000008d100000| Untracked 
| 210|0x000000008d200000, 0x000000008d200000, 0x000000008d300000|  0%| F|  |TAMS 0x000000008d200000, 0x000000008d200000| Untracked 
| 211|0x000000008d300000, 0x000000008d300000, 0x000000008d400000|  0%| F|  |TAMS 0x000000008d300000, 0x000000008d300000| Untracked 
| 212|0x000000008d400000, 0x000000008d400000, 0x000000008d500000|  0%| F|  |TAMS 0x000000008d400000, 0x000000008d400000| Untracked 
| 213|0x000000008d500000, 0x000000008d500000, 0x000000008d600000|  0%| F|  |TAMS 0x000000008d500000, 0x000000008d500000| Untracked 
| 214|0x000000008d600000, 0x000000008d600000, 0x000000008d700000|  0%| F|  |TAMS 0x000000008d600000, 0x000000008d600000| Untracked 
| 215|0x000000008d700000, 0x000000008d800000, 0x000000008d800000|100%| S|CS|TAMS 0x000000008d700000, 0x000000008d700000| Complete 
| 216|0x000000008d800000, 0x000000008d900000, 0x000000008d900000|100%| S|CS|TAMS 0x000000008d800000, 0x000000008d800000| Complete 
| 217|0x000000008d900000, 0x000000008d900000, 0x000000008da00000|  0%| F|  |TAMS 0x000000008d900000, 0x000000008d900000| Untracked 
| 218|0x000000008da00000, 0x000000008da00000, 0x000000008db00000|  0%| F|  |TAMS 0x000000008da00000, 0x000000008da00000| Untracked 
| 219|0x000000008db00000, 0x000000008db00000, 0x000000008dc00000|  0%| F|  |TAMS 0x000000008db00000, 0x000000008db00000| Untracked 
| 220|0x000000008dc00000, 0x000000008dc00000, 0x000000008dd00000|  0%| F|  |TAMS 0x000000008dc00000, 0x000000008dc00000| Untracked 
| 221|0x000000008dd00000, 0x000000008dd831d8, 0x000000008de00000| 51%| E|  |TAMS 0x000000008dd00000, 0x000000008dd00000| Complete 
| 222|0x000000008de00000, 0x000000008df00000, 0x000000008df00000|100%| E|CS|TAMS 0x000000008de00000, 0x000000008de00000| Complete 
| 223|0x000000008df00000, 0x000000008e000000, 0x000000008e000000|100%| E|  |TAMS 0x000000008df00000, 0x000000008df00000| Complete 
| 224|0x000000008e000000, 0x000000008e100000, 0x000000008e100000|100%| E|CS|TAMS 0x000000008e000000, 0x000000008e000000| Complete 
| 225|0x000000008e100000, 0x000000008e200000, 0x000000008e200000|100%| E|CS|TAMS 0x000000008e100000, 0x000000008e100000| Complete 
| 226|0x000000008e200000, 0x000000008e300000, 0x000000008e300000|100%| E|CS|TAMS 0x000000008e200000, 0x000000008e200000| Complete 

Card table byte_map: [0x000002ab22760000,0x000002ab22b60000] _byte_map_base: 0x000002ab22360000

Marking Bits (Prev, Next): (CMBitMap*) 0x000002ab0f89d600, (CMBitMap*) 0x000002ab0f89d5c8
 Prev Bits: [0x000002ab24f60000, 0x000002ab26f60000)
 Next Bits: [0x000002ab22f60000, 0x000002ab24f60000)

Polling page: 0x000002ab0d7a0000

Metaspace:

Usage:
  Non-class:    103.75 MB capacity,   101.69 MB ( 98%) used,     1.71 MB (  2%) free+waste,   353.00 KB ( <1%) overhead. 
      Class:     15.71 MB capacity,    14.55 MB ( 93%) used,     1.00 MB (  6%) free+waste,   159.88 KB ( <1%) overhead. 
       Both:    119.46 MB capacity,   116.24 MB ( 97%) used,     2.71 MB (  2%) free+waste,   512.88 KB ( <1%) overhead. 

Virtual space:
  Non-class space:      104.00 MB reserved,     103.75 MB (>99%) committed 
      Class space:        1.00 GB reserved,      15.82 MB (  2%) committed 
             Both:        1.10 GB reserved,     119.57 MB ( 11%) committed 

Chunk freelists:
   Non-Class:  2.00 KB
       Class:  12.00 KB
        Both:  14.00 KB

MaxMetaspaceSize: 17179869184.00 GB
CompressedClassSpaceSize: 1.00 GB

CodeHeap 'non-profiled nmethods': size=120064Kb used=11322Kb max_used=11322Kb free=108741Kb
 bounds [0x000002ab1ae20000, 0x000002ab1b930000, 0x000002ab22360000]
CodeHeap 'profiled nmethods': size=120000Kb used=35856Kb max_used=35856Kb free=84144Kb
 bounds [0x000002ab138f0000, 0x000002ab15c00000, 0x000002ab1ae20000]
CodeHeap 'non-nmethods': size=5696Kb used=2350Kb max_used=2407Kb free=3345Kb
 bounds [0x000002ab13360000, 0x000002ab135d0000, 0x000002ab138f0000]
 total_blobs=16702 nmethods=15727 adapters=884
 compilation: enabled
              stopped_count=0, restarted_count=0
 full_count=0

Compilation events (20 events):
Event: 133.918 Thread 0x000002ab2946c000 15767       3       com.sun.xml.bind.v2.runtime.XMLSerializer::startElement (330 bytes)
Event: 133.919 Thread 0x000002ab2946c000 nmethod 15767 0x000002ab15bc4a90 code [0x000002ab15bc4dc0, 0x000002ab15bc6048]
Event: 133.919 Thread 0x000002ab2946c000 15768       3       com.sun.xml.bind.v2.runtime.output.NamespaceContextImpl$Element::startElement (40 bytes)
Event: 133.919 Thread 0x000002ab2946c000 nmethod 15768 0x000002ab15bc6790 code [0x000002ab15bc6960, 0x000002ab15bc6c98]
Event: 133.919 Thread 0x000002ab2946c000 15769       3       com.sun.xml.bind.marshaller.XMLWriter::writeAttributes (73 bytes)
Event: 133.920 Thread 0x000002ab2946c000 nmethod 15769 0x000002ab15bc6d90 code [0x000002ab15bc7060, 0x000002ab15bc7e58]
Event: 133.920 Thread 0x000002ab2946c000 15770       3       com.sun.xml.bind.v2.runtime.output.NamespaceContextImpl$Element::endElement (40 bytes)
Event: 133.920 Thread 0x000002ab2946c000 nmethod 15770 0x000002ab15bc8390 code [0x000002ab15bc8560, 0x000002ab15bc8878]
Event: 133.920 Thread 0x000002ab2946c000 15771       3       com.sun.xml.bind.v2.runtime.output.NamespaceContextImpl$Element::pop (65 bytes)
Event: 133.920 Thread 0x000002ab2946c000 nmethod 15771 0x000002ab15bc8990 code [0x000002ab15bc8b60, 0x000002ab15bc8e78]
Event: 133.921 Thread 0x000002ab2946c000 15772       3       com.sun.xml.bind.v2.runtime.XMLSerializer::pushObject (99 bytes)
Event: 133.921 Thread 0x000002ab2946c000 nmethod 15772 0x000002ab15bc9010 code [0x000002ab15bc92c0, 0x000002ab15bc9e78]
Event: 133.921 Thread 0x000002ab2946c000 15773       3       com.sun.xml.bind.v2.util.CollisionCheckStack::findDuplicate (60 bytes)
Event: 133.921 Thread 0x000002ab2946c000 nmethod 15773 0x000002ab15bca310 code [0x000002ab15bca500, 0x000002ab15bca8e8]
Event: 133.921 Thread 0x000002ab2946c000 15774   !   3       com.sun.xml.bind.v2.runtime.ClassBeanInfoImpl::serializeURIs (151 bytes)
Event: 133.922 Thread 0x000002ab2946c000 nmethod 15774 0x000002ab15bcab10 code [0x000002ab15bcade0, 0x000002ab15bcbcc8]
Event: 133.922 Thread 0x000002ab2946c000 15775   !   3       com.sun.xml.bind.v2.runtime.ClassBeanInfoImpl::serializeBody (156 bytes)
Event: 133.923 Thread 0x000002ab2946c000 nmethod 15775 0x000002ab15bcc510 code [0x000002ab15bcc820, 0x000002ab15bcda38]
Event: 133.923 Thread 0x000002ab2946c000 15776       3       com.sun.xml.bind.v2.runtime.property.SingleElementNodeProperty::serializeBody (289 bytes)
Event: 133.924 Thread 0x000002ab2946c000 nmethod 15776 0x000002ab15bce290 code [0x000002ab15bce6c0, 0x000002ab15bd0708]

GC Heap History (20 events):
Event: 104.800 GC heap before
{Heap before GC invocations=61 (full 0):
 garbage-first heap   total 232448K, used 175954K [0x0000000080000000, 0x0000000100000000)
  region size 1024K, 56 young (57344K), 5 survivors (5120K)
 Metaspace       used 112272K, capacity 115352K, committed 115660K, reserved 1148928K
  class space    used 14124K, capacity 15207K, committed 15308K, reserved 1048576K
}
Event: 104.814 GC heap after
{Heap after GC invocations=62 (full 0):
 garbage-first heap   total 232448K, used 128527K [0x0000000080000000, 0x0000000100000000)
  region size 1024K, 7 young (7168K), 7 survivors (7168K)
 Metaspace       used 112272K, capacity 115352K, committed 115660K, reserved 1148928K
  class space    used 14124K, capacity 15207K, committed 15308K, reserved 1048576K
}
Event: 106.032 GC heap before
{Heap before GC invocations=63 (full 0):
 garbage-first heap   total 232448K, used 179727K [0x0000000080000000, 0x0000000100000000)
  region size 1024K, 58 young (59392K), 7 survivors (7168K)
 Metaspace       used 114259K, capacity 117442K, committed 117452K, reserved 1150976K
  class space    used 14419K, capacity 15562K, committed 15564K, reserved 1048576K
}
Event: 106.047 GC heap after
{Heap after GC invocations=64 (full 0):
 garbage-first heap   total 232448K, used 132852K [0x0000000080000000, 0x0000000100000000)
  region size 1024K, 8 young (8192K), 8 survivors (8192K)
 Metaspace       used 114259K, capacity 117442K, committed 117452K, reserved 1150976K
  class space    used 14419K, capacity 15562K, committed 15564K, reserved 1048576K
}
Event: 123.746 GC heap before
{Heap before GC invocations=64 (full 0):
 garbage-first heap   total 232448K, used 184052K [0x0000000080000000, 0x0000000100000000)
  region size 1024K, 59 young (60416K), 8 survivors (8192K)
 Metaspace       used 115652K, capacity 118869K, committed 118988K, reserved 1153024K
  class space    used 14567K, capacity 15728K, committed 15820K, reserved 1048576K
}
Event: 123.769 GC heap after
{Heap after GC invocations=65 (full 0):
 garbage-first heap   total 232448K, used 139158K [0x0000000080000000, 0x0000000100000000)
  region size 1024K, 7 young (7168K), 7 survivors (7168K)
 Metaspace       used 115652K, capacity 118869K, committed 118988K, reserved 1153024K
  class space    used 14567K, capacity 15728K, committed 15820K, reserved 1048576K
}
Event: 128.196 GC heap before
{Heap before GC invocations=66 (full 0):
 garbage-first heap   total 232448K, used 189334K [0x0000000080000000, 0x0000000100000000)
  region size 1024K, 54 young (55296K), 7 survivors (7168K)
 Metaspace       used 115852K, capacity 119061K, committed 119244K, reserved 1153024K
  class space    used 14567K, capacity 15728K, committed 15820K, reserved 1048576K
}
Event: 128.213 GC heap after
{Heap after GC invocations=67 (full 0):
 garbage-first heap   total 232448K, used 155648K [0x0000000080000000, 0x0000000100000000)
  region size 1024K, 7 young (7168K), 7 survivors (7168K)
 Metaspace       used 115852K, capacity 119061K, committed 119244K, reserved 1153024K
  class space    used 14567K, capacity 15728K, committed 15820K, reserved 1048576K
}
Event: 128.798 GC heap before
{Heap before GC invocations=67 (full 0):
 garbage-first heap   total 232448K, used 158720K [0x0000000080000000, 0x0000000100000000)
  region size 1024K, 11 young (11264K), 7 survivors (7168K)
 Metaspace       used 115871K, capacity 119061K, committed 119244K, reserved 1153024K
  class space    used 14567K, capacity 15728K, committed 15820K, reserved 1048576K
}
Event: 128.808 GC heap after
{Heap after GC invocations=68 (full 0):
 garbage-first heap   total 232448K, used 154112K [0x0000000080000000, 0x0000000100000000)
  region size 1024K, 2 young (2048K), 2 survivors (2048K)
 Metaspace       used 115871K, capacity 119061K, committed 119244K, reserved 1153024K
  class space    used 14567K, capacity 15728K, committed 15820K, reserved 1048576K
}
Event: 129.691 GC heap before
{Heap before GC invocations=68 (full 0):
 garbage-first heap   total 232448K, used 181760K [0x0000000080000000, 0x0000000100000000)
  region size 1024K, 31 young (31744K), 2 survivors (2048K)
 Metaspace       used 116534K, capacity 119841K, committed 120140K, reserved 1153024K
  class space    used 14626K, capacity 15815K, committed 15948K, reserved 1048576K
}
Event: 129.703 GC heap after
{Heap after GC invocations=69 (full 0):
 garbage-first heap   total 232448K, used 156569K [0x0000000080000000, 0x0000000100000000)
  region size 1024K, 5 young (5120K), 5 survivors (5120K)
 Metaspace       used 116534K, capacity 119841K, committed 120140K, reserved 1153024K
  class space    used 14626K, capacity 15815K, committed 15948K, reserved 1048576K
}
Event: 131.641 GC heap before
{Heap before GC invocations=70 (full 0):
 garbage-first heap   total 232448K, used 195481K [0x0000000080000000, 0x0000000100000000)
  region size 1024K, 36 young (36864K), 5 survivors (5120K)
 Metaspace       used 118235K, capacity 121490K, committed 121548K, reserved 1155072K
  class space    used 14848K, capacity 16045K, committed 16076K, reserved 1048576K
}
Event: 131.664 GC heap after
{Heap after GC invocations=71 (full 0):
 garbage-first heap   total 232448K, used 159548K [0x0000000080000000, 0x0000000100000000)
  region size 1024K, 4 young (4096K), 4 survivors (4096K)
 Metaspace       used 118235K, capacity 121490K, committed 121548K, reserved 1155072K
  class space    used 14848K, capacity 16045K, committed 16076K, reserved 1048576K
}
Event: 132.083 GC heap before
{Heap before GC invocations=71 (full 0):
 garbage-first heap   total 232448K, used 165692K [0x0000000080000000, 0x0000000100000000)
  region size 1024K, 11 young (11264K), 4 survivors (4096K)
 Metaspace       used 118764K, capacity 122043K, committed 122188K, reserved 1155072K
  class space    used 14884K, capacity 16079K, committed 16204K, reserved 1048576K
}
Event: 132.092 GC heap after
{Heap after GC invocations=72 (full 0):
 garbage-first heap   total 232448K, used 158374K [0x0000000080000000, 0x0000000100000000)
  region size 1024K, 1 young (1024K), 1 survivors (1024K)
 Metaspace       used 118764K, capacity 122043K, committed 122188K, reserved 1155072K
  class space    used 14884K, capacity 16079K, committed 16204K, reserved 1048576K
}
Event: 133.065 GC heap before
{Heap before GC invocations=72 (full 0):
 garbage-first heap   total 232448K, used 191142K [0x0000000080000000, 0x0000000100000000)
  region size 1024K, 33 young (33792K), 1 survivors (1024K)
 Metaspace       used 118880K, capacity 122188K, committed 122444K, reserved 1155072K
  class space    used 14887K, capacity 16082K, committed 16204K, reserved 1048576K
}
Event: 133.068 GC heap after
{Heap after GC invocations=73 (full 0):
 garbage-first heap   total 232448K, used 158220K [0x0000000080000000, 0x0000000100000000)
  region size 1024K, 1 young (1024K), 1 survivors (1024K)
 Metaspace       used 118880K, capacity 122188K, committed 122444K, reserved 1155072K
  class space    used 14887K, capacity 16082K, committed 16204K, reserved 1048576K
}
Event: 133.500 GC heap before
{Heap before GC invocations=74 (full 0):
 garbage-first heap   total 232448K, used 193036K [0x0000000080000000, 0x0000000100000000)
  region size 1024K, 35 young (35840K), 1 survivors (1024K)
 Metaspace       used 118886K, capacity 122188K, committed 122444K, reserved 1155072K
  class space    used 14887K, capacity 16082K, committed 16204K, reserved 1048576K
}
Event: 133.502 GC heap after
{Heap after GC invocations=75 (full 0):
 garbage-first heap   total 232448K, used 158104K [0x0000000080000000, 0x0000000100000000)
  region size 1024K, 1 young (1024K), 1 survivors (1024K)
 Metaspace       used 118886K, capacity 122188K, committed 122444K, reserved 1155072K
  class space    used 14887K, capacity 16082K, committed 16204K, reserved 1048576K
}

Deoptimization events (20 events):
Event: 131.962 Thread 0x000002ab2db2e800 DEOPT PACKING pc=0x000002ab1b856950 sp=0x000000ff8c4fa2d0
Event: 131.962 Thread 0x000002ab2db2e800 DEOPT UNPACKING pc=0x000002ab133865af sp=0x000000ff8c4fa2e8 mode 2
Event: 131.986 Thread 0x000002ab2db2e800 Uncommon trap: trap_request=0xffffffc6 fr.pc=0x000002ab1b817d38 relative=0x0000000000003298
Event: 131.986 Thread 0x000002ab2db2e800 Uncommon trap: reason=bimorphic_or_optimized_type_check action=maybe_recompile pc=0x000002ab1b817d38 method=org.apache.xerces.impl.XMLEntityScanner.load(IZ)Z @ 73 c2
Event: 131.986 Thread 0x000002ab2db2e800 DEOPT PACKING pc=0x000002ab1b817d38 sp=0x000000ff8c4fa0e0
Event: 131.986 Thread 0x000002ab2db2e800 DEOPT UNPACKING pc=0x000002ab133865af sp=0x000000ff8c4fa008 mode 2
Event: 132.165 Thread 0x000002ab2db2e800 DEOPT PACKING pc=0x000002ab15afdb78 sp=0x000000ff8c4f9ff0
Event: 132.165 Thread 0x000002ab2db2e800 DEOPT UNPACKING pc=0x000002ab13386d5e sp=0x000000ff8c4f9510 mode 0
Event: 132.496 Thread 0x000002ab2db2e800 Uncommon trap: trap_request=0xffffff4d fr.pc=0x000002ab1b904388 relative=0x00000000000005c8
Event: 132.496 Thread 0x000002ab2db2e800 Uncommon trap: reason=unstable_if action=reinterpret pc=0x000002ab1b904388 method=java.io.BufferedWriter.min(II)I @ 2 c2
Event: 132.496 Thread 0x000002ab2db2e800 DEOPT PACKING pc=0x000002ab1b904388 sp=0x000000ff8c4fa5c0
Event: 132.496 Thread 0x000002ab2db2e800 DEOPT UNPACKING pc=0x000002ab133865af sp=0x000000ff8c4fa4f0 mode 2
Event: 133.393 Thread 0x000002ab2db2e800 Uncommon trap: trap_request=0xffffff4d fr.pc=0x000002ab1b90cc60 relative=0x00000000000002c0
Event: 133.393 Thread 0x000002ab2db2e800 Uncommon trap: reason=unstable_if action=reinterpret pc=0x000002ab1b90cc60 method=java.io.BufferedWriter.write(I)V @ 19 c2
Event: 133.393 Thread 0x000002ab2db2e800 DEOPT PACKING pc=0x000002ab1b90cc60 sp=0x000000ff8c4fa5b0
Event: 133.393 Thread 0x000002ab2db2e800 DEOPT UNPACKING pc=0x000002ab133865af sp=0x000000ff8c4fa558 mode 2
Event: 133.406 Thread 0x000002ab2db2e800 Uncommon trap: trap_request=0xffffff4d fr.pc=0x000002ab1b915fb8 relative=0x0000000000000358
Event: 133.406 Thread 0x000002ab2db2e800 Uncommon trap: reason=unstable_if action=reinterpret pc=0x000002ab1b915fb8 method=java.io.BufferedWriter.write(I)V @ 19 c2
Event: 133.406 Thread 0x000002ab2db2e800 DEOPT PACKING pc=0x000002ab1b915fb8 sp=0x000000ff8c4fa550
Event: 133.406 Thread 0x000002ab2db2e800 DEOPT UNPACKING pc=0x000002ab133865af sp=0x000000ff8c4fa478 mode 2

Classes redefined (0 events):
No events

Internal exceptions (20 events):
Event: 106.003 Thread 0x000002ab2bfcb800 Exception <a 'java/lang/NoSuchMethodError'{0x000000008b44b958}: 'void java.lang.invoke.DirectMethodHandle$Holder.invokeStatic(java.lang.Object, java.lang.Object, java.lang.Object, java.lang.Object, java.lang.Object, java.lang.Object, java.lang.Object)'> (0x000000008b44b958) thrown at [./src/hotspot/share/interpreter/linkResolver.cpp, line 773]
Event: 106.050 Thread 0x000002ab30aed000 Exception <a 'java/lang/NoSuchMethodError'{0x000000008e27c130}: <clinit>> (0x000000008e27c130) thrown at [./src/hotspot/share/prims/jni.cpp, line 1362]
Event: 124.691 Thread 0x000002ab2db2e800 Implicit null exception at 0x000002ab1b7dbee8 to 0x000002ab1b7dc118
Event: 129.434 Thread 0x000002ab2db2e800 Exception <a 'java/lang/NoSuchMethodError'{0x000000008cc056b0}: <clinit>> (0x000000008cc056b0) thrown at [./src/hotspot/share/prims/jni.cpp, line 1362]
Event: 129.435 Thread 0x000002ab2db2e800 Exception <a 'java/lang/NoSuchMethodError'{0x000000008cc15988}: <clinit>> (0x000000008cc15988) thrown at [./src/hotspot/share/prims/jni.cpp, line 1362]
Event: 129.442 Thread 0x000002ab2db2e800 Exception <a 'java/lang/NoSuchMethodError'{0x000000008cc84cd8}: <clinit>> (0x000000008cc84cd8) thrown at [./src/hotspot/share/prims/jni.cpp, line 1362]
Event: 129.442 Thread 0x000002ab2db2e800 Exception <a 'java/lang/NoSuchMethodError'{0x000000008cc878a0}: <clinit>> (0x000000008cc878a0) thrown at [./src/hotspot/share/prims/jni.cpp, line 1362]
Event: 129.443 Thread 0x000002ab2db2e800 Exception <a 'java/lang/NoSuchMethodError'{0x000000008cc8c280}: <clinit>> (0x000000008cc8c280) thrown at [./src/hotspot/share/prims/jni.cpp, line 1362]
Event: 129.443 Thread 0x000002ab2db2e800 Exception <a 'java/lang/NoSuchMethodError'{0x000000008cc97a20}: <clinit>> (0x000000008cc97a20) thrown at [./src/hotspot/share/prims/jni.cpp, line 1362]
Event: 129.445 Thread 0x000002ab2db2e800 Exception <a 'java/lang/NoSuchMethodError'{0x000000008ccef020}: <clinit>> (0x000000008ccef020) thrown at [./src/hotspot/share/prims/jni.cpp, line 1362]
Event: 129.447 Thread 0x000002ab2db2e800 Exception <a 'java/lang/NoSuchMethodError'{0x000000008cb21190}: <clinit>> (0x000000008cb21190) thrown at [./src/hotspot/share/prims/jni.cpp, line 1362]
Event: 129.447 Thread 0x000002ab2db2e800 Exception <a 'java/lang/NoSuchMethodError'{0x000000008cb245f8}: <clinit>> (0x000000008cb245f8) thrown at [./src/hotspot/share/prims/jni.cpp, line 1362]
Event: 129.448 Thread 0x000002ab2db2e800 Exception <a 'java/lang/NoSuchMethodError'{0x000000008cb27268}: <clinit>> (0x000000008cb27268) thrown at [./src/hotspot/share/prims/jni.cpp, line 1362]
Event: 129.448 Thread 0x000002ab2db2e800 Exception <a 'java/lang/NoSuchMethodError'{0x000000008cb3f278}: <clinit>> (0x000000008cb3f278) thrown at [./src/hotspot/share/prims/jni.cpp, line 1362]
Event: 129.456 Thread 0x000002ab2db2e800 Exception <a 'java/lang/NoSuchMethodError'{0x000000008cb56598}: <clinit>> (0x000000008cb56598) thrown at [./src/hotspot/share/prims/jni.cpp, line 1362]
Event: 129.457 Thread 0x000002ab2db2e800 Exception <a 'java/lang/NoSuchMethodError'{0x000000008cb6b018}: <clinit>> (0x000000008cb6b018) thrown at [./src/hotspot/share/prims/jni.cpp, line 1362]
Event: 129.459 Thread 0x000002ab2db2e800 Exception <a 'java/lang/NoSuchMethodError'{0x000000008cb8dbf8}: <clinit>> (0x000000008cb8dbf8) thrown at [./src/hotspot/share/prims/jni.cpp, line 1362]
Event: 129.460 Thread 0x000002ab2db2e800 Exception <a 'java/lang/NoSuchMethodError'{0x000000008cbb2f88}: <clinit>> (0x000000008cbb2f88) thrown at [./src/hotspot/share/prims/jni.cpp, line 1362]
Event: 129.461 Thread 0x000002ab2db2e800 Exception <a 'java/lang/NoSuchMethodError'{0x000000008cbc7578}: <clinit>> (0x000000008cbc7578) thrown at [./src/hotspot/share/prims/jni.cpp, line 1362]
Event: 131.717 Thread 0x000002ab2db2e800 Implicit null exception at 0x000002ab1b478749 to 0x000002ab1b47a8f8

Events (20 events):
Event: 133.680 loading class com/android/ide/common/resources/SingleFileProcessor
Event: 133.680 loading class com/android/ide/common/resources/SingleFileProcessor done
Event: 133.681 loading class javax/xml/transform/stream/StreamResult
Event: 133.681 loading class javax/xml/transform/stream/StreamResult done
Event: 133.681 loading class javax/xml/transform/sax/SAXResult
Event: 133.681 loading class javax/xml/transform/sax/SAXResult done
Event: 133.681 loading class javax/xml/transform/dom/DOMResult
Event: 133.681 loading class javax/xml/transform/dom/DOMResult done
Event: 133.681 loading class com/sun/xml/bind/marshaller/NioEscapeHandler
Event: 133.681 loading class com/sun/xml/bind/marshaller/NioEscapeHandler done
Event: 133.682 loading class com/sun/xml/bind/v2/runtime/output/SAXOutput
Event: 133.682 loading class com/sun/xml/bind/v2/runtime/output/SAXOutput done
Event: 133.710 loading class com/sun/xml/bind/util/AttributesImpl
Event: 133.710 loading class com/sun/xml/bind/util/AttributesImpl done
Event: 133.711 loading class com/sun/xml/bind/v2/runtime/reflect/Lister$CollectionLister$1
Event: 133.711 loading class com/sun/xml/bind/v2/runtime/reflect/Lister$CollectionLister$1 done
Event: 133.711 loading class com/sun/xml/bind/v2/runtime/reflect/Lister$IDREFSIterator
Event: 133.711 loading class com/sun/xml/bind/v2/runtime/reflect/Lister$IDREFSIterator done
Event: 133.712 loading class org/apache/commons/io/Charsets
Event: 133.712 loading class org/apache/commons/io/Charsets done


Dynamic libraries:
0x00007ff659570000 - 0x00007ff65957a000 	C:\Program Files\Android\Android Studio\jre\bin\java.exe
0x00007ff8d5030000 - 0x00007ff8d5225000 	C:\WINDOWS\SYSTEM32\ntdll.dll
0x00007ff8d4cd0000 - 0x00007ff8d4d8e000 	C:\WINDOWS\System32\KERNEL32.DLL
0x00007ff8d2d90000 - 0x00007ff8d3058000 	C:\WINDOWS\System32\KERNELBASE.dll
0x00007ff8d2c90000 - 0x00007ff8d2d90000 	C:\WINDOWS\System32\ucrtbase.dll
0x00007ff8b3800000 - 0x00007ff8b3819000 	C:\Program Files\Android\Android Studio\jre\bin\jli.dll
0x00007ff8b3710000 - 0x00007ff8b3727000 	C:\Program Files\Android\Android Studio\jre\bin\VCRUNTIME140.dll
0x00007ff8d3eb0000 - 0x00007ff8d4050000 	C:\WINDOWS\System32\USER32.dll
0x00007ff8d2c60000 - 0x00007ff8d2c82000 	C:\WINDOWS\System32\win32u.dll
0x00007ff8b3a60000 - 0x00007ff8b3cfa000 	C:\WINDOWS\WinSxS\amd64_microsoft.windows.common-controls_6595b64144ccf1df_6.0.19041.1110_none_60b5254171f9507e\COMCTL32.dll
0x00007ff8d32a0000 - 0x00007ff8d32cb000 	C:\WINDOWS\System32\GDI32.dll
0x00007ff8d4740000 - 0x00007ff8d47de000 	C:\WINDOWS\System32\msvcrt.dll
0x00007ff8d29b0000 - 0x00007ff8d2abb000 	C:\WINDOWS\System32\gdi32full.dll
0x00007ff8d2b30000 - 0x00007ff8d2bcd000 	C:\WINDOWS\System32\msvcp_win.dll
0x00007ff8d3090000 - 0x00007ff8d30c0000 	C:\WINDOWS\System32\IMM32.DLL
0x00007ff8accd0000 - 0x00007ff8acd6d000 	C:\Program Files\Android\Android Studio\jre\bin\msvcp140.dll
0x00007ff8a64f0000 - 0x00007ff8a6fc5000 	C:\Program Files\Android\Android Studio\jre\bin\server\jvm.dll
0x00007ff8d31f0000 - 0x00007ff8d329e000 	C:\WINDOWS\System32\ADVAPI32.dll
0x00007ff8d4530000 - 0x00007ff8d45cc000 	C:\WINDOWS\System32\sechost.dll
0x00007ff8d30c0000 - 0x00007ff8d31e5000 	C:\WINDOWS\System32\RPCRT4.dll
0x00007ff8d4050000 - 0x00007ff8d4058000 	C:\WINDOWS\System32\PSAPI.DLL
0x00007ff8c3cc0000 - 0x00007ff8c3cc9000 	C:\WINDOWS\SYSTEM32\WSOCK32.dll
0x00007ff8d3d20000 - 0x00007ff8d3d8b000 	C:\WINDOWS\System32\WS2_32.dll
0x00007ff8c9bb0000 - 0x00007ff8c9bd7000 	C:\WINDOWS\SYSTEM32\WINMM.dll
0x00007ff8c9be0000 - 0x00007ff8c9bea000 	C:\WINDOWS\SYSTEM32\VERSION.dll
0x00007ff8d0570000 - 0x00007ff8d0582000 	C:\WINDOWS\SYSTEM32\kernel.appcore.dll
0x00007ff8cfeb0000 - 0x00007ff8cfec1000 	C:\Program Files\Android\Android Studio\jre\bin\verify.dll
0x00007ff8c0170000 - 0x00007ff8c0354000 	C:\WINDOWS\SYSTEM32\DBGHELP.DLL
0x00007ff8c0140000 - 0x00007ff8c016c000 	C:\WINDOWS\SYSTEM32\dbgcore.DLL
0x00007ff8d2bd0000 - 0x00007ff8d2c52000 	C:\WINDOWS\System32\bcryptPrimitives.dll
0x00007ff8cf590000 - 0x00007ff8cf5b9000 	C:\Program Files\Android\Android Studio\jre\bin\java.dll
0x00007ff8cfd40000 - 0x00007ff8cfd4b000 	C:\Program Files\Android\Android Studio\jre\bin\jimage.dll
0x00007ff8ccb80000 - 0x00007ff8ccb98000 	C:\Program Files\Android\Android Studio\jre\bin\zip.dll
0x00007ff8d34e0000 - 0x00007ff8d3c24000 	C:\WINDOWS\System32\SHELL32.dll
0x00007ff8d0880000 - 0x00007ff8d1014000 	C:\WINDOWS\SYSTEM32\windows.storage.dll
0x00007ff8d40e0000 - 0x00007ff8d4434000 	C:\WINDOWS\System32\combase.dll
0x00007ff8d20e0000 - 0x00007ff8d210c000 	C:\WINDOWS\SYSTEM32\Wldp.dll
0x00007ff8d45e0000 - 0x00007ff8d468d000 	C:\WINDOWS\System32\SHCORE.dll
0x00007ff8d3cc0000 - 0x00007ff8d3d15000 	C:\WINDOWS\System32\shlwapi.dll
0x00007ff8d2690000 - 0x00007ff8d26af000 	C:\WINDOWS\SYSTEM32\profapi.dll
0x00007ff8cb690000 - 0x00007ff8cb6aa000 	C:\Program Files\Android\Android Studio\jre\bin\net.dll
0x00007ff8ca500000 - 0x00007ff8ca609000 	C:\WINDOWS\SYSTEM32\WINHTTP.dll
0x00007ff8d1e40000 - 0x00007ff8d1eaa000 	C:\WINDOWS\system32\mswsock.dll
0x00007ff8cb180000 - 0x00007ff8cb194000 	C:\Program Files\Android\Android Studio\jre\bin\nio.dll
0x00007ff8b3820000 - 0x00007ff8b3847000 	C:\Users\Matt\.gradle\native\8bec1ad78214c89d9ad589b4d07fe93259594b29d510b10fafb7a158f7737e5d\windows-amd64\native-platform.dll
0x00007ff8acd70000 - 0x00007ff8acead000 	C:\Users\Matt\.gradle\native\53dbd7edfb1c66fb8903c78663c9afc45aea4f116125fa6feffd364cf09443e8\windows-amd64\native-platform-file-events.dll
0x00007ff8cfc50000 - 0x00007ff8cfc5a000 	C:\Program Files\Android\Android Studio\jre\bin\management.dll
0x00007ff8cf580000 - 0x00007ff8cf58d000 	C:\Program Files\Android\Android Studio\jre\bin\management_ext.dll
0x00007ff8d2040000 - 0x00007ff8d2058000 	C:\WINDOWS\SYSTEM32\CRYPTSP.dll
0x00007ff8d17c0000 - 0x00007ff8d17f4000 	C:\WINDOWS\system32\rsaenh.dll
0x00007ff8d3060000 - 0x00007ff8d3087000 	C:\WINDOWS\System32\bcrypt.dll
0x00007ff8d25e0000 - 0x00007ff8d260e000 	C:\WINDOWS\SYSTEM32\USERENV.dll
0x00007ff8d2030000 - 0x00007ff8d203c000 	C:\WINDOWS\SYSTEM32\CRYPTBASE.dll
0x00007ff8d1b30000 - 0x00007ff8d1b6b000 	C:\WINDOWS\SYSTEM32\IPHLPAPI.DLL
0x00007ff8d4440000 - 0x00007ff8d4448000 	C:\WINDOWS\System32\NSI.dll
0x00007ff8cb9d0000 - 0x00007ff8cb9e7000 	C:\WINDOWS\SYSTEM32\dhcpcsvc6.DLL
0x00007ff8cbf60000 - 0x00007ff8cbf7d000 	C:\WINDOWS\SYSTEM32\dhcpcsvc.DLL
0x00007ff8d1b70000 - 0x00007ff8d1c3a000 	C:\WINDOWS\SYSTEM32\DNSAPI.dll
0x00007ff8ba270000 - 0x00007ff8ba297000 	C:\Program Files\Android\Android Studio\jre\bin\sunec.dll
0x00007ff8c8720000 - 0x00007ff8c872a000 	C:\Windows\System32\rasadhlp.dll
0x00007ff8c8780000 - 0x00007ff8c87ff000 	C:\WINDOWS\System32\fwpuclnt.dll

dbghelp: loaded successfully - version: 4.0.5 - missing functions: none
symbol engine: initialized successfully - sym options: 0x614 - pdb path: .;C:\Program Files\Android\Android Studio\jre\bin;C:\WINDOWS\SYSTEM32;C:\WINDOWS\WinSxS\amd64_microsoft.windows.common-controls_6595b64144ccf1df_6.0.19041.1110_none_60b5254171f9507e;C:\Program Files\Android\Android Studio\jre\bin\server;C:\Users\Matt\.gradle\native\8bec1ad78214c89d9ad589b4d07fe93259594b29d510b10fafb7a158f7737e5d\windows-amd64;C:\Users\Matt\.gradle\native\53dbd7edfb1c66fb8903c78663c9afc45aea4f116125fa6feffd364cf09443e8\windows-amd64

VM Arguments:
jvm_args: --add-opens=java.base/java.util=ALL-UNNAMED --add-opens=java.base/java.lang=ALL-UNNAMED --add-opens=java.base/java.lang.invoke=ALL-UNNAMED --add-opens=java.base/java.util=ALL-UNNAMED --add-opens=java.prefs/java.util.prefs=ALL-UNNAMED --add-opens=java.prefs/java.util.prefs=ALL-UNNAMED --add-opens=java.base/java.nio.charset=ALL-UNNAMED --add-opens=java.base/java.net=ALL-UNNAMED --add-opens=java.base/java.util.concurrent.atomic=ALL-UNNAMED -Xmx2048m -Dfile.encoding=UTF-8 -Duser.country=US -Duser.language=en -Duser.variant 
java_command: org.gradle.launcher.daemon.bootstrap.GradleDaemon 7.0.2
java_class_path (initial): C:\Users\Matt\.gradle\wrapper\dists\gradle-7.0.2-bin\857tjihv64xamwrf0h14cai3r\gradle-7.0.2\lib\gradle-launcher-7.0.2.jar
Launcher Type: SUN_STANDARD

[Global flags]
     intx CICompilerCount                          = 3                                         {product} {ergonomic}
     uint ConcGCThreads                            = 1                                         {product} {ergonomic}
     uint G1ConcRefinementThreads                  = 4                                         {product} {ergonomic}
   size_t G1HeapRegionSize                         = 1048576                                   {product} {ergonomic}
    uintx GCDrainStackTargetSize                   = 64                                        {product} {ergonomic}
   size_t InitialHeapSize                          = 134217728                                 {product} {ergonomic}
   size_t MarkStackSize                            = 4194304                                   {product} {ergonomic}
   size_t MaxHeapSize                              = 2147483648                                {product} {command line}
   size_t MaxNewSize                               = 1287651328                                {product} {ergonomic}
   size_t MinHeapDeltaBytes                        = 1048576                                   {product} {ergonomic}
    uintx NonNMethodCodeHeapSize                   = 5830732                                {pd product} {ergonomic}
    uintx NonProfiledCodeHeapSize                  = 122913754                              {pd product} {ergonomic}
    uintx ProfiledCodeHeapSize                     = 122913754                              {pd product} {ergonomic}
    uintx ReservedCodeCacheSize                    = 251658240                              {pd product} {ergonomic}
     bool SegmentedCodeCache                       = true                                      {product} {ergonomic}
     bool UseCompressedClassPointers               = true                                 {lp64_product} {ergonomic}
     bool UseCompressedOops                        = true                                 {lp64_product} {ergonomic}
     bool UseG1GC                                  = true                                      {product} {ergonomic}
     bool UseLargePagesIndividualAllocation        = false                                  {pd product} {ergonomic}

Logging:
Log output configuration:
 #0: stdout all=warning uptime,level,tags
 #1: stderr all=off uptime,level,tags

Environment Variables:
PATH=C:\Program Files (x86)\Common Files\Oracle\Java\javapath;C:\Program Files\Oculus\Support\oculus-runtime;C:\Program Files (x86)\Java\jdk1.8.0_291;C:\Program Files (x86)\NVIDIA Corporation\PhysX\Common;C:\WINDOWS\system32;C:\WINDOWS;C:\WINDOWS\System32\Wbem;C:\WINDOWS\System32\WindowsPowerShell\v1.0\;C:\Program Files\Intel\DMIX;C:\Program Files (x86)\ATI Technologies\ATI.ACE\Core-Static;C:\WINDOWS\System32\OpenSSH\;C:\Program Files\Microsoft VS Code\bin;C:\Program Files\Git\cmd;C:\Program Files\Inkscape\bin;C:\Users\Matt\AppData\Local\Microsoft\WindowsApps;C:\Users\Matt\Documents\Development\flutter\bin;C:\Users\Matt\AppData\Local\Programs\Microsoft VS Code\bin;C:\Users\Matt\AppData\Local\Android\Sdk\tools\bin;C:\Program Files (x86)\Java\jdk1.8.0_291\bin;
USERNAME=Pills
OS=Windows_NT
PROCESSOR_IDENTIFIER=Intel64 Family 6 Model 42 Stepping 7, GenuineIntel



---------------  S Y S T E M  ---------------

OS: Windows 10 , 64 bit Build 19041 (10.0.19041.1566)
OS uptime: 5 days 9:26 hours

CPU:total 4 (initial active 4) (4 cores per cpu, 1 threads per core) family 6 model 42 stepping 7 microcode 0x2f, cmov, cx8, fxsr, mmx, sse, sse2, sse3, ssse3, sse4.1, sse4.2, popcnt, avx, aes, clmul, tsc, tscinvbit

Memory: 4k page, system-wide physical 8159M (691M free)
TotalPageFile size 32735M (AvailPageFile size 1M)
current process WorkingSet (physical memory assigned to process): 544M, peak: 547M
current process commit charge ("private bytes"): 575M, peak: 580M

vm_info: OpenJDK 64-Bit Server VM (11.0.11+9-b60-7590822) for windows-amd64 JRE (11.0.11+9-b60-7590822), built on Jul 29 2021 21:43:44 by "builder" with MS VC++ 14.0 (VS2015)

END.
