#
# There is insufficient memory for the Java Runtime Environment to continue.
# Native memory allocation (malloc) failed to allocate 751776 bytes for Chunk::new
# Possible reasons:
#   The system is out of physical RAM or swap space
#   The process is running with CompressedOops enabled, and the Java Heap may be blocking the growth of the native heap
# Possible solutions:
#   Reduce memory load on the system
#   Increase physical memory or swap space
#   Check if swap backing store is full
#   Decrease Java heap size (-Xmx/-Xms)
#   Decrease number of Java threads
#   Decrease Java thread stack sizes (-Xss)
#   Set larger code cache with -XX:ReservedCodeCacheSize=
#   JVM is running with Unscaled Compressed Oops mode in which the Java heap is
#     placed in the first 4GB address space. The Java Heap base address is the
#     maximum limit for the native heap growth. Please use -XX:HeapBaseMinAddress
#     to set the Java Heap base and to place the Java Heap above 4GB virtual address.
# This output file may be truncated or incomplete.
#
#  Out of Memory Error (./src/hotspot/share/memory/arena.cpp:197), pid=35604, tid=35708
#
# JRE version: OpenJDK Runtime Environment (11.0.11+9) (build 11.0.11+9-b60-7590822)
# Java VM: OpenJDK 64-Bit Server VM (11.0.11+9-b60-7590822, mixed mode, tiered, compressed oops, g1 gc, windows-amd64)
# No core dump will be written. Minidumps are not enabled by default on client versions of Windows
#

---------------  S U M M A R Y ------------

Command Line: --add-opens=java.base/java.util=ALL-UNNAMED --add-opens=java.base/java.lang=ALL-UNNAMED --add-opens=java.base/java.lang.invoke=ALL-UNNAMED --add-opens=java.base/java.util=ALL-UNNAMED --add-opens=java.prefs/java.util.prefs=ALL-UNNAMED --add-opens=java.prefs/java.util.prefs=ALL-UNNAMED --add-opens=java.base/java.nio.charset=ALL-UNNAMED --add-opens=java.base/java.net=ALL-UNNAMED --add-opens=java.base/java.util.concurrent.atomic=ALL-UNNAMED -Xmx2048m -Dfile.encoding=UTF-8 -Duser.country=US -Duser.language=en -Duser.variant org.gradle.launcher.daemon.bootstrap.GradleDaemon 7.0.2

Host: Intel(R) Core(TM) i5-2500K CPU @ 3.30GHz, 4 cores, 7G,  Windows 10 , 64 bit Build 19041 (10.0.19041.1566)
Time: Thu Apr 14 23:41:31 2022 Eastern Daylight Time elapsed time: 20.191394 seconds (0d 0h 0m 20s)

---------------  T H R E A D  ---------------

Current thread (0x0000015f71701800):  JavaThread "C2 CompilerThread0" daemon [_thread_in_native, id=35708, stack(0x00000049a3b00000,0x00000049a3c00000)]


Current CompileTask:
C2:  20191 2070       4       java.net.URLClassLoader$1::run (5 bytes)

Stack: [0x00000049a3b00000,0x00000049a3c00000]
Native frames: (J=compiled Java code, j=interpreted, Vv=VM code, C=native code)
V  [jvm.dll+0x5f214a]
V  [jvm.dll+0x726fb5]
V  [jvm.dll+0x7285cd]
V  [jvm.dll+0x728c83]
V  [jvm.dll+0x243278]
V  [jvm.dll+0xbc53c]
V  [jvm.dll+0xbca3c]
V  [jvm.dll+0x2b5c34]
V  [jvm.dll+0x508488]
V  [jvm.dll+0x1fd826]
V  [jvm.dll+0x1fb35f]
V  [jvm.dll+0x183d6c]
V  [jvm.dll+0x209a57]
V  [jvm.dll+0x2082a1]
V  [jvm.dll+0x6ef58f]
V  [jvm.dll+0x6e80b5]
V  [jvm.dll+0x5f1036]
C  [ucrtbase.dll+0x21bb2]
C  [KERNEL32.DLL+0x17034]
C  [ntdll.dll+0x52651]


---------------  P R O C E S S  ---------------

Threads class SMR info:
_java_thread_list=0x0000015f740105c0, length=23, elements={
0x0000015f55b7d000, 0x0000015f716de800, 0x0000015f716e4000, 0x0000015f72072800,
0x0000015f716fc800, 0x0000015f71701000, 0x0000015f71701800, 0x0000015f71709000,
0x0000015f7170d800, 0x0000015f721bf800, 0x0000015f73ed6000, 0x0000015f73ed2000,
0x0000015f73ed2800, 0x0000015f73ed1000, 0x0000015f73ed7000, 0x0000015f73ed7800,
0x0000015f73ed3800, 0x0000015f73ed4800, 0x0000015f73ed5000, 0x0000015f73f80000,
0x0000015f73f85000, 0x0000015f73f81800, 0x0000015f73f85800
}

Java Threads: ( => current thread )
  0x0000015f55b7d000 JavaThread "main" [_thread_blocked, id=147200, stack(0x00000049a2f00000,0x00000049a3000000)]
  0x0000015f716de800 JavaThread "Reference Handler" daemon [_thread_blocked, id=138916, stack(0x00000049a3600000,0x00000049a3700000)]
  0x0000015f716e4000 JavaThread "Finalizer" daemon [_thread_blocked, id=30200, stack(0x00000049a3700000,0x00000049a3800000)]
  0x0000015f72072800 JavaThread "Signal Dispatcher" daemon [_thread_blocked, id=41716, stack(0x00000049a3800000,0x00000049a3900000)]
  0x0000015f716fc800 JavaThread "Attach Listener" daemon [_thread_blocked, id=24036, stack(0x00000049a3900000,0x00000049a3a00000)]
  0x0000015f71701000 JavaThread "Service Thread" daemon [_thread_blocked, id=47688, stack(0x00000049a3a00000,0x00000049a3b00000)]
=>0x0000015f71701800 JavaThread "C2 CompilerThread0" daemon [_thread_in_native, id=35708, stack(0x00000049a3b00000,0x00000049a3c00000)]
  0x0000015f71709000 JavaThread "C1 CompilerThread0" daemon [_thread_blocked, id=24508, stack(0x00000049a3c00000,0x00000049a3d00000)]
  0x0000015f7170d800 JavaThread "Sweeper thread" daemon [_thread_blocked, id=42560, stack(0x00000049a3d00000,0x00000049a3e00000)]
  0x0000015f721bf800 JavaThread "Common-Cleaner" daemon [_thread_blocked, id=37236, stack(0x00000049a3e00000,0x00000049a3f00000)]
  0x0000015f73ed6000 JavaThread "Daemon health stats" [_thread_blocked, id=35188, stack(0x00000049a4300000,0x00000049a4400000)]
  0x0000015f73ed2000 JavaThread "Incoming local TCP Connector on port 59673" [_thread_in_native, id=84164, stack(0x00000049a4000000,0x00000049a4100000)]
  0x0000015f73ed2800 JavaThread "Daemon periodic checks" [_thread_blocked, id=21208, stack(0x00000049a4400000,0x00000049a4500000)]
  0x0000015f73ed1000 JavaThread "Daemon" [_thread_blocked, id=38104, stack(0x00000049a4500000,0x00000049a4600000)]
  0x0000015f73ed7000 JavaThread "Handler for socket connection from /127.0.0.1:59673 to /127.0.0.1:59674" [_thread_in_native, id=38676, stack(0x00000049a4600000,0x00000049a4700000)]
  0x0000015f73ed7800 JavaThread "Cancel handler" [_thread_blocked, id=12396, stack(0x00000049a4700000,0x00000049a4800000)]
  0x0000015f73ed3800 JavaThread "Daemon worker" [_thread_in_native, id=20616, stack(0x00000049a4800000,0x00000049a4900000)]
  0x0000015f73ed4800 JavaThread "Asynchronous log dispatcher for DefaultDaemonConnection: socket connection from /127.0.0.1:59673 to /127.0.0.1:59674" [_thread_blocked, id=140484, stack(0x00000049a4900000,0x00000049a4a00000)]
  0x0000015f73ed5000 JavaThread "Stdin handler" [_thread_blocked, id=10604, stack(0x00000049a4a00000,0x00000049a4b00000)]
  0x0000015f73f80000 JavaThread "Daemon client event forwarder" [_thread_blocked, id=1792, stack(0x00000049a4b00000,0x00000049a4c00000)]
  0x0000015f73f85000 JavaThread "Cache worker for file hash cache (C:\Users\Matt\.gradle\caches\7.0.2\fileHashes)" [_thread_blocked, id=20568, stack(0x00000049a4c00000,0x00000049a4d00000)]
  0x0000015f73f81800 JavaThread "File lock request listener" [_thread_in_native, id=17456, stack(0x00000049a4d00000,0x00000049a4e00000)]
  0x0000015f73f85800 JavaThread "Cache worker for journal cache (C:\Users\Matt\.gradle\caches\journal-1)" [_thread_blocked, id=32256, stack(0x00000049a4f00000,0x00000049a5000000)]

Other Threads:
  0x0000015f716d9800 VMThread "VM Thread" [stack: 0x00000049a3500000,0x00000049a3600000] [id=31416]
  0x0000015f721da800 WatcherThread [stack: 0x00000049a3f00000,0x00000049a4000000] [id=45628]
  0x0000015f55b95000 GCTaskThread "GC Thread#0" [stack: 0x00000049a3000000,0x00000049a3100000] [id=37908]
  0x0000015f72aad000 GCTaskThread "GC Thread#1" [stack: 0x00000049a4100000,0x00000049a4200000] [id=18016]
  0x0000015f72891000 GCTaskThread "GC Thread#2" [stack: 0x00000049a4200000,0x00000049a4300000] [id=158328]
  0x0000015f72d15800 GCTaskThread "GC Thread#3" [stack: 0x00000049a4e00000,0x00000049a4f00000] [id=11604]
  0x0000015f55bc7800 ConcurrentGCThread "G1 Main Marker" [stack: 0x00000049a3100000,0x00000049a3200000] [id=42652]
  0x0000015f55bc8800 ConcurrentGCThread "G1 Conc#0" [stack: 0x00000049a3200000,0x00000049a3300000] [id=9064]
  0x0000015f55c55000 ConcurrentGCThread "G1 Refine#0" [stack: 0x00000049a3300000,0x00000049a3400000] [id=48624]
  0x0000015f55c56000 ConcurrentGCThread "G1 Young RemSet Sampling" [stack: 0x00000049a3400000,0x00000049a3500000] [id=43620]

Threads with active compile tasks:
C2 CompilerThread0  20424 2070       4       java.net.URLClassLoader$1::run (5 bytes)

VM state:not at safepoint (normal execution)

VM Mutex/Monitor currently owned by a thread: None

Heap address: 0x0000000080000000, size: 2048 MB, Compressed Oops mode: 32-bit
Narrow klass base: 0x0000000000000000, Narrow klass shift: 3
Compressed class space size: 1073741824 Address: 0x0000000100000000

Heap:
 garbage-first heap   total 131072K, used 38755K [0x0000000080000000, 0x0000000100000000)
  region size 1024K, 32 young (32768K), 9 survivors (9216K)
 Metaspace       used 22544K, capacity 23064K, committed 23296K, reserved 1069056K
  class space    used 2871K, capacity 3072K, committed 3072K, reserved 1048576K
Heap Regions: E=young(eden), S=young(survivor), O=old, HS=humongous(starts), HC=humongous(continues), CS=collection set, F=free, A=archive, TAMS=top-at-mark-start (previous, next)
|   0|0x0000000080000000, 0x0000000080100000, 0x0000000080100000|100%| O|  |TAMS 0x0000000080100000, 0x0000000080000000| Untracked 
|   1|0x0000000080100000, 0x00000000801c2600, 0x0000000080200000| 75%| O|  |TAMS 0x00000000801c2600, 0x0000000080100000| Untracked 
|   2|0x0000000080200000, 0x0000000080200000, 0x0000000080300000|  0%| F|  |TAMS 0x0000000080200000, 0x0000000080200000| Untracked 
|   3|0x0000000080300000, 0x0000000080400000, 0x0000000080400000|100%|HS|  |TAMS 0x0000000080400000, 0x0000000080300000| Complete 
|   4|0x0000000080400000, 0x0000000080500000, 0x0000000080500000|100%|HC|  |TAMS 0x0000000080500000, 0x0000000080400000| Complete 
|   5|0x0000000080500000, 0x0000000080600000, 0x0000000080600000|100%|HC|  |TAMS 0x0000000080600000, 0x0000000080500000| Complete 
|   6|0x0000000080600000, 0x0000000080700000, 0x0000000080700000|100%| O|  |TAMS 0x0000000080700000, 0x0000000080600000| Untracked 
|   7|0x0000000080700000, 0x0000000080800000, 0x0000000080800000|100%| O|  |TAMS 0x0000000080800000, 0x0000000080700000| Untracked 
|   8|0x0000000080800000, 0x0000000080900000, 0x0000000080900000|100%| O|  |TAMS 0x0000000080900000, 0x0000000080800000| Untracked 
|   9|0x0000000080900000, 0x0000000080900000, 0x0000000080a00000|  0%| F|  |TAMS 0x0000000080900000, 0x0000000080900000| Untracked 
|  10|0x0000000080a00000, 0x0000000080a00000, 0x0000000080b00000|  0%| F|  |TAMS 0x0000000080a00000, 0x0000000080a00000| Untracked 
|  11|0x0000000080b00000, 0x0000000080b00000, 0x0000000080c00000|  0%| F|  |TAMS 0x0000000080b00000, 0x0000000080b00000| Untracked 
|  12|0x0000000080c00000, 0x0000000080c00000, 0x0000000080d00000|  0%| F|  |TAMS 0x0000000080c00000, 0x0000000080c00000| Untracked 
|  13|0x0000000080d00000, 0x0000000080d00000, 0x0000000080e00000|  0%| F|  |TAMS 0x0000000080d00000, 0x0000000080d00000| Untracked 
|  14|0x0000000080e00000, 0x0000000080e00000, 0x0000000080f00000|  0%| F|  |TAMS 0x0000000080e00000, 0x0000000080e00000| Untracked 
|  15|0x0000000080f00000, 0x0000000080f00000, 0x0000000081000000|  0%| F|  |TAMS 0x0000000080f00000, 0x0000000080f00000| Untracked 
|  16|0x0000000081000000, 0x0000000081000000, 0x0000000081100000|  0%| F|  |TAMS 0x0000000081000000, 0x0000000081000000| Untracked 
|  17|0x0000000081100000, 0x0000000081100000, 0x0000000081200000|  0%| F|  |TAMS 0x0000000081100000, 0x0000000081100000| Untracked 
|  18|0x0000000081200000, 0x0000000081200000, 0x0000000081300000|  0%| F|  |TAMS 0x0000000081200000, 0x0000000081200000| Untracked 
|  19|0x0000000081300000, 0x0000000081300000, 0x0000000081400000|  0%| F|  |TAMS 0x0000000081300000, 0x0000000081300000| Untracked 
|  20|0x0000000081400000, 0x0000000081400000, 0x0000000081500000|  0%| F|  |TAMS 0x0000000081400000, 0x0000000081400000| Untracked 
|  21|0x0000000081500000, 0x0000000081500000, 0x0000000081600000|  0%| F|  |TAMS 0x0000000081500000, 0x0000000081500000| Untracked 
|  22|0x0000000081600000, 0x0000000081600000, 0x0000000081700000|  0%| F|  |TAMS 0x0000000081600000, 0x0000000081600000| Untracked 
|  23|0x0000000081700000, 0x0000000081700000, 0x0000000081800000|  0%| F|  |TAMS 0x0000000081700000, 0x0000000081700000| Untracked 
|  24|0x0000000081800000, 0x0000000081800000, 0x0000000081900000|  0%| F|  |TAMS 0x0000000081800000, 0x0000000081800000| Untracked 
|  25|0x0000000081900000, 0x0000000081900000, 0x0000000081a00000|  0%| F|  |TAMS 0x0000000081900000, 0x0000000081900000| Untracked 
|  26|0x0000000081a00000, 0x0000000081a00000, 0x0000000081b00000|  0%| F|  |TAMS 0x0000000081a00000, 0x0000000081a00000| Untracked 
|  27|0x0000000081b00000, 0x0000000081b00000, 0x0000000081c00000|  0%| F|  |TAMS 0x0000000081b00000, 0x0000000081b00000| Untracked 
|  28|0x0000000081c00000, 0x0000000081c00000, 0x0000000081d00000|  0%| F|  |TAMS 0x0000000081c00000, 0x0000000081c00000| Untracked 
|  29|0x0000000081d00000, 0x0000000081d00000, 0x0000000081e00000|  0%| F|  |TAMS 0x0000000081d00000, 0x0000000081d00000| Untracked 
|  30|0x0000000081e00000, 0x0000000081e00000, 0x0000000081f00000|  0%| F|  |TAMS 0x0000000081e00000, 0x0000000081e00000| Untracked 
|  31|0x0000000081f00000, 0x0000000081f00000, 0x0000000082000000|  0%| F|  |TAMS 0x0000000081f00000, 0x0000000081f00000| Untracked 
|  32|0x0000000082000000, 0x0000000082000000, 0x0000000082100000|  0%| F|  |TAMS 0x0000000082000000, 0x0000000082000000| Untracked 
|  33|0x0000000082100000, 0x0000000082100000, 0x0000000082200000|  0%| F|  |TAMS 0x0000000082100000, 0x0000000082100000| Untracked 
|  34|0x0000000082200000, 0x0000000082200000, 0x0000000082300000|  0%| F|  |TAMS 0x0000000082200000, 0x0000000082200000| Untracked 
|  35|0x0000000082300000, 0x0000000082300000, 0x0000000082400000|  0%| F|  |TAMS 0x0000000082300000, 0x0000000082300000| Untracked 
|  36|0x0000000082400000, 0x0000000082400000, 0x0000000082500000|  0%| F|  |TAMS 0x0000000082400000, 0x0000000082400000| Untracked 
|  37|0x0000000082500000, 0x0000000082500000, 0x0000000082600000|  0%| F|  |TAMS 0x0000000082500000, 0x0000000082500000| Untracked 
|  38|0x0000000082600000, 0x0000000082600000, 0x0000000082700000|  0%| F|  |TAMS 0x0000000082600000, 0x0000000082600000| Untracked 
|  39|0x0000000082700000, 0x0000000082700000, 0x0000000082800000|  0%| F|  |TAMS 0x0000000082700000, 0x0000000082700000| Untracked 
|  40|0x0000000082800000, 0x0000000082800000, 0x0000000082900000|  0%| F|  |TAMS 0x0000000082800000, 0x0000000082800000| Untracked 
|  41|0x0000000082900000, 0x0000000082900000, 0x0000000082a00000|  0%| F|  |TAMS 0x0000000082900000, 0x0000000082900000| Untracked 
|  42|0x0000000082a00000, 0x0000000082a00000, 0x0000000082b00000|  0%| F|  |TAMS 0x0000000082a00000, 0x0000000082a00000| Untracked 
|  43|0x0000000082b00000, 0x0000000082b00000, 0x0000000082c00000|  0%| F|  |TAMS 0x0000000082b00000, 0x0000000082b00000| Untracked 
|  44|0x0000000082c00000, 0x0000000082c00000, 0x0000000082d00000|  0%| F|  |TAMS 0x0000000082c00000, 0x0000000082c00000| Untracked 
|  45|0x0000000082d00000, 0x0000000082d00000, 0x0000000082e00000|  0%| F|  |TAMS 0x0000000082d00000, 0x0000000082d00000| Untracked 
|  46|0x0000000082e00000, 0x0000000082e00000, 0x0000000082f00000|  0%| F|  |TAMS 0x0000000082e00000, 0x0000000082e00000| Untracked 
|  47|0x0000000082f00000, 0x0000000082f00000, 0x0000000083000000|  0%| F|  |TAMS 0x0000000082f00000, 0x0000000082f00000| Untracked 
|  48|0x0000000083000000, 0x0000000083000000, 0x0000000083100000|  0%| F|  |TAMS 0x0000000083000000, 0x0000000083000000| Untracked 
|  49|0x0000000083100000, 0x0000000083100000, 0x0000000083200000|  0%| F|  |TAMS 0x0000000083100000, 0x0000000083100000| Untracked 
|  50|0x0000000083200000, 0x0000000083200000, 0x0000000083300000|  0%| F|  |TAMS 0x0000000083200000, 0x0000000083200000| Untracked 
|  51|0x0000000083300000, 0x0000000083300000, 0x0000000083400000|  0%| F|  |TAMS 0x0000000083300000, 0x0000000083300000| Untracked 
|  52|0x0000000083400000, 0x0000000083416950, 0x0000000083500000|  8%| S|CS|TAMS 0x0000000083400000, 0x0000000083400000| Complete 
|  53|0x0000000083500000, 0x0000000083600000, 0x0000000083600000|100%| S|CS|TAMS 0x0000000083500000, 0x0000000083500000| Complete 
|  54|0x0000000083600000, 0x0000000083700000, 0x0000000083700000|100%| S|CS|TAMS 0x0000000083600000, 0x0000000083600000| Complete 
|  55|0x0000000083700000, 0x0000000083800000, 0x0000000083800000|100%| S|CS|TAMS 0x0000000083700000, 0x0000000083700000| Complete 
|  56|0x0000000083800000, 0x0000000083900000, 0x0000000083900000|100%| S|CS|TAMS 0x0000000083800000, 0x0000000083800000| Complete 
|  57|0x0000000083900000, 0x0000000083a00000, 0x0000000083a00000|100%| S|CS|TAMS 0x0000000083900000, 0x0000000083900000| Complete 
|  58|0x0000000083a00000, 0x0000000083b00000, 0x0000000083b00000|100%| S|CS|TAMS 0x0000000083a00000, 0x0000000083a00000| Complete 
|  59|0x0000000083b00000, 0x0000000083c00000, 0x0000000083c00000|100%| S|CS|TAMS 0x0000000083b00000, 0x0000000083b00000| Complete 
|  60|0x0000000083c00000, 0x0000000083d00000, 0x0000000083d00000|100%| S|CS|TAMS 0x0000000083c00000, 0x0000000083c00000| Complete 
|  61|0x0000000083d00000, 0x0000000083d00000, 0x0000000083e00000|  0%| F|  |TAMS 0x0000000083d00000, 0x0000000083d00000| Untracked 
|  62|0x0000000083e00000, 0x0000000083e00000, 0x0000000083f00000|  0%| F|  |TAMS 0x0000000083e00000, 0x0000000083e00000| Untracked 
|  63|0x0000000083f00000, 0x0000000083f00000, 0x0000000084000000|  0%| F|  |TAMS 0x0000000083f00000, 0x0000000083f00000| Untracked 
|  64|0x0000000084000000, 0x0000000084000000, 0x0000000084100000|  0%| F|  |TAMS 0x0000000084000000, 0x0000000084000000| Untracked 
|  65|0x0000000084100000, 0x0000000084100000, 0x0000000084200000|  0%| F|  |TAMS 0x0000000084100000, 0x0000000084100000| Untracked 
|  66|0x0000000084200000, 0x0000000084200000, 0x0000000084300000|  0%| F|  |TAMS 0x0000000084200000, 0x0000000084200000| Untracked 
|  67|0x0000000084300000, 0x0000000084300000, 0x0000000084400000|  0%| F|  |TAMS 0x0000000084300000, 0x0000000084300000| Untracked 
|  68|0x0000000084400000, 0x0000000084400000, 0x0000000084500000|  0%| F|  |TAMS 0x0000000084400000, 0x0000000084400000| Untracked 
|  69|0x0000000084500000, 0x0000000084500000, 0x0000000084600000|  0%| F|  |TAMS 0x0000000084500000, 0x0000000084500000| Untracked 
|  70|0x0000000084600000, 0x0000000084600000, 0x0000000084700000|  0%| F|  |TAMS 0x0000000084600000, 0x0000000084600000| Untracked 
|  71|0x0000000084700000, 0x0000000084700000, 0x0000000084800000|  0%| F|  |TAMS 0x0000000084700000, 0x0000000084700000| Untracked 
|  72|0x0000000084800000, 0x0000000084800000, 0x0000000084900000|  0%| F|  |TAMS 0x0000000084800000, 0x0000000084800000| Untracked 
|  73|0x0000000084900000, 0x0000000084900000, 0x0000000084a00000|  0%| F|  |TAMS 0x0000000084900000, 0x0000000084900000| Untracked 
|  74|0x0000000084a00000, 0x0000000084a00000, 0x0000000084b00000|  0%| F|  |TAMS 0x0000000084a00000, 0x0000000084a00000| Untracked 
|  75|0x0000000084b00000, 0x0000000084b00000, 0x0000000084c00000|  0%| F|  |TAMS 0x0000000084b00000, 0x0000000084b00000| Untracked 
|  76|0x0000000084c00000, 0x0000000084c00000, 0x0000000084d00000|  0%| F|  |TAMS 0x0000000084c00000, 0x0000000084c00000| Untracked 
|  77|0x0000000084d00000, 0x0000000084d00000, 0x0000000084e00000|  0%| F|  |TAMS 0x0000000084d00000, 0x0000000084d00000| Untracked 
|  78|0x0000000084e00000, 0x0000000084e00000, 0x0000000084f00000|  0%| F|  |TAMS 0x0000000084e00000, 0x0000000084e00000| Untracked 
|  79|0x0000000084f00000, 0x0000000084f00000, 0x0000000085000000|  0%| F|  |TAMS 0x0000000084f00000, 0x0000000084f00000| Untracked 
|  80|0x0000000085000000, 0x0000000085000000, 0x0000000085100000|  0%| F|  |TAMS 0x0000000085000000, 0x0000000085000000| Untracked 
|  81|0x0000000085100000, 0x0000000085100000, 0x0000000085200000|  0%| F|  |TAMS 0x0000000085100000, 0x0000000085100000| Untracked 
|  82|0x0000000085200000, 0x0000000085200000, 0x0000000085300000|  0%| F|  |TAMS 0x0000000085200000, 0x0000000085200000| Untracked 
|  83|0x0000000085300000, 0x0000000085300000, 0x0000000085400000|  0%| F|  |TAMS 0x0000000085300000, 0x0000000085300000| Untracked 
|  84|0x0000000085400000, 0x0000000085400000, 0x0000000085500000|  0%| F|  |TAMS 0x0000000085400000, 0x0000000085400000| Untracked 
|  85|0x0000000085500000, 0x0000000085500000, 0x0000000085600000|  0%| F|  |TAMS 0x0000000085500000, 0x0000000085500000| Untracked 
|  86|0x0000000085600000, 0x0000000085600000, 0x0000000085700000|  0%| F|  |TAMS 0x0000000085600000, 0x0000000085600000| Untracked 
|  87|0x0000000085700000, 0x0000000085700000, 0x0000000085800000|  0%| F|  |TAMS 0x0000000085700000, 0x0000000085700000| Untracked 
|  88|0x0000000085800000, 0x0000000085800000, 0x0000000085900000|  0%| F|  |TAMS 0x0000000085800000, 0x0000000085800000| Untracked 
|  89|0x0000000085900000, 0x0000000085900000, 0x0000000085a00000|  0%| F|  |TAMS 0x0000000085900000, 0x0000000085900000| Untracked 
|  90|0x0000000085a00000, 0x0000000085a00000, 0x0000000085b00000|  0%| F|  |TAMS 0x0000000085a00000, 0x0000000085a00000| Untracked 
|  91|0x0000000085b00000, 0x0000000085b00000, 0x0000000085c00000|  0%| F|  |TAMS 0x0000000085b00000, 0x0000000085b00000| Untracked 
|  92|0x0000000085c00000, 0x0000000085c00000, 0x0000000085d00000|  0%| F|  |TAMS 0x0000000085c00000, 0x0000000085c00000| Untracked 
|  93|0x0000000085d00000, 0x0000000085d00000, 0x0000000085e00000|  0%| F|  |TAMS 0x0000000085d00000, 0x0000000085d00000| Untracked 
|  94|0x0000000085e00000, 0x0000000085e00000, 0x0000000085f00000|  0%| F|  |TAMS 0x0000000085e00000, 0x0000000085e00000| Untracked 
|  95|0x0000000085f00000, 0x0000000085f00000, 0x0000000086000000|  0%| F|  |TAMS 0x0000000085f00000, 0x0000000085f00000| Untracked 
|  96|0x0000000086000000, 0x0000000086000000, 0x0000000086100000|  0%| F|  |TAMS 0x0000000086000000, 0x0000000086000000| Untracked 
|  97|0x0000000086100000, 0x0000000086100000, 0x0000000086200000|  0%| F|  |TAMS 0x0000000086100000, 0x0000000086100000| Untracked 
|  98|0x0000000086200000, 0x0000000086200000, 0x0000000086300000|  0%| F|  |TAMS 0x0000000086200000, 0x0000000086200000| Untracked 
|  99|0x0000000086300000, 0x0000000086300000, 0x0000000086400000|  0%| F|  |TAMS 0x0000000086300000, 0x0000000086300000| Untracked 
| 100|0x0000000086400000, 0x0000000086400000, 0x0000000086500000|  0%| F|  |TAMS 0x0000000086400000, 0x0000000086400000| Untracked 
| 101|0x0000000086500000, 0x0000000086500000, 0x0000000086600000|  0%| F|  |TAMS 0x0000000086500000, 0x0000000086500000| Untracked 
| 102|0x0000000086600000, 0x0000000086600000, 0x0000000086700000|  0%| F|  |TAMS 0x0000000086600000, 0x0000000086600000| Untracked 
| 103|0x0000000086700000, 0x0000000086700000, 0x0000000086800000|  0%| F|  |TAMS 0x0000000086700000, 0x0000000086700000| Untracked 
| 104|0x0000000086800000, 0x0000000086800000, 0x0000000086900000|  0%| F|  |TAMS 0x0000000086800000, 0x0000000086800000| Untracked 
| 105|0x0000000086900000, 0x0000000086980800, 0x0000000086a00000| 50%| E|  |TAMS 0x0000000086900000, 0x0000000086900000| Complete 
| 106|0x0000000086a00000, 0x0000000086b00000, 0x0000000086b00000|100%| E|CS|TAMS 0x0000000086a00000, 0x0000000086a00000| Complete 
| 107|0x0000000086b00000, 0x0000000086c00000, 0x0000000086c00000|100%| E|CS|TAMS 0x0000000086b00000, 0x0000000086b00000| Complete 
| 108|0x0000000086c00000, 0x0000000086d00000, 0x0000000086d00000|100%| E|CS|TAMS 0x0000000086c00000, 0x0000000086c00000| Complete 
| 109|0x0000000086d00000, 0x0000000086e00000, 0x0000000086e00000|100%| E|CS|TAMS 0x0000000086d00000, 0x0000000086d00000| Complete 
| 110|0x0000000086e00000, 0x0000000086f00000, 0x0000000086f00000|100%| E|CS|TAMS 0x0000000086e00000, 0x0000000086e00000| Complete 
| 111|0x0000000086f00000, 0x0000000087000000, 0x0000000087000000|100%| E|CS|TAMS 0x0000000086f00000, 0x0000000086f00000| Complete 
| 112|0x0000000087000000, 0x0000000087100000, 0x0000000087100000|100%| E|CS|TAMS 0x0000000087000000, 0x0000000087000000| Complete 
| 113|0x0000000087100000, 0x0000000087200000, 0x0000000087200000|100%| E|CS|TAMS 0x0000000087100000, 0x0000000087100000| Complete 
| 114|0x0000000087200000, 0x0000000087300000, 0x0000000087300000|100%| E|CS|TAMS 0x0000000087200000, 0x0000000087200000| Complete 
| 115|0x0000000087300000, 0x0000000087400000, 0x0000000087400000|100%| E|CS|TAMS 0x0000000087300000, 0x0000000087300000| Complete 
| 116|0x0000000087400000, 0x0000000087500000, 0x0000000087500000|100%| E|CS|TAMS 0x0000000087400000, 0x0000000087400000| Complete 
| 117|0x0000000087500000, 0x0000000087600000, 0x0000000087600000|100%| E|CS|TAMS 0x0000000087500000, 0x0000000087500000| Complete 
| 118|0x0000000087600000, 0x0000000087700000, 0x0000000087700000|100%| E|CS|TAMS 0x0000000087600000, 0x0000000087600000| Complete 
| 119|0x0000000087700000, 0x0000000087800000, 0x0000000087800000|100%| E|CS|TAMS 0x0000000087700000, 0x0000000087700000| Complete 
| 120|0x0000000087800000, 0x0000000087900000, 0x0000000087900000|100%| E|CS|TAMS 0x0000000087800000, 0x0000000087800000| Complete 
| 121|0x0000000087900000, 0x0000000087a00000, 0x0000000087a00000|100%| E|CS|TAMS 0x0000000087900000, 0x0000000087900000| Complete 
| 122|0x0000000087a00000, 0x0000000087b00000, 0x0000000087b00000|100%| E|CS|TAMS 0x0000000087a00000, 0x0000000087a00000| Complete 
| 123|0x0000000087b00000, 0x0000000087c00000, 0x0000000087c00000|100%| E|CS|TAMS 0x0000000087b00000, 0x0000000087b00000| Complete 
| 124|0x0000000087c00000, 0x0000000087d00000, 0x0000000087d00000|100%| E|CS|TAMS 0x0000000087c00000, 0x0000000087c00000| Complete 
| 125|0x0000000087d00000, 0x0000000087e00000, 0x0000000087e00000|100%| E|CS|TAMS 0x0000000087d00000, 0x0000000087d00000| Complete 
| 126|0x0000000087e00000, 0x0000000087f00000, 0x0000000087f00000|100%| E|CS|TAMS 0x0000000087e00000, 0x0000000087e00000| Complete 
| 127|0x0000000087f00000, 0x0000000088000000, 0x0000000088000000|100%| E|CS|TAMS 0x0000000087f00000, 0x0000000087f00000| Complete 

Card table byte_map: [0x0000015f6a8a0000,0x0000015f6aca0000] _byte_map_base: 0x0000015f6a4a0000

Marking Bits (Prev, Next): (CMBitMap*) 0x0000015f55bbeaa0, (CMBitMap*) 0x0000015f55bbea68
 Prev Bits: [0x0000015f6d0a0000, 0x0000015f6f0a0000)
 Next Bits: [0x0000015f6b0a0000, 0x0000015f6d0a0000)

Polling page: 0x0000015f55c60000

Metaspace:

Usage:
  Non-class:     19.52 MB capacity,    19.21 MB ( 98%) used,   275.47 KB (  1%) free+waste,    42.19 KB ( <1%) overhead. 
      Class:      3.00 MB capacity,     2.80 MB ( 93%) used,   178.27 KB (  6%) free+waste,    21.44 KB ( <1%) overhead. 
       Both:     22.52 MB capacity,    22.02 MB ( 98%) used,   453.73 KB (  2%) free+waste,    63.63 KB ( <1%) overhead. 

Virtual space:
  Non-class space:       20.00 MB reserved,      19.75 MB ( 99%) committed 
      Class space:        1.00 GB reserved,       3.00 MB ( <1%) committed 
             Both:        1.02 GB reserved,      22.75 MB (  2%) committed 

Chunk freelists:
   Non-Class:  40.00 KB
       Class:  0 bytes
        Both:  40.00 KB

MaxMetaspaceSize: 17179869184.00 GB
CompressedClassSpaceSize: 1.00 GB

CodeHeap 'non-profiled nmethods': size=120064Kb used=1036Kb max_used=1036Kb free=119027Kb
 bounds [0x0000015f62930000, 0x0000015f62ba0000, 0x0000015f69e70000]
CodeHeap 'profiled nmethods': size=120000Kb used=4413Kb max_used=4413Kb free=115586Kb
 bounds [0x0000015f5b400000, 0x0000015f5b850000, 0x0000015f62930000]
CodeHeap 'non-nmethods': size=5696Kb used=1140Kb max_used=1175Kb free=4555Kb
 bounds [0x0000015f5ae70000, 0x0000015f5b0e0000, 0x0000015f5b400000]
 total_blobs=2547 nmethods=2068 adapters=390
 compilation: enabled
              stopped_count=0, restarted_count=0
 full_count=0

Compilation events (20 events):
Event: 19.983 Thread 0x0000015f71701800 nmethod 2060 0x0000015f62a31b10 code [0x0000015f62a31cc0, 0x0000015f62a32408]
Event: 20.092 Thread 0x0000015f71709000 2062       3       java.lang.invoke.DirectMethodHandle::<init> (141 bytes)
Event: 20.093 Thread 0x0000015f71709000 nmethod 2062 0x0000015f5b84a690 code [0x0000015f5b84a980, 0x0000015f5b84ba28]
Event: 20.093 Thread 0x0000015f71709000 2061       3       java.lang.invoke.DirectMethodHandle::preparedLambdaForm (248 bytes)
Event: 20.094 Thread 0x0000015f71709000 nmethod 2061 0x0000015f5b84bf90 code [0x0000015f5b84c260, 0x0000015f5b84ccf8]
Event: 20.094 Thread 0x0000015f71709000 2063       3       org.gradle.internal.service.DefaultServiceRegistry::access$1500 (6 bytes)
Event: 20.094 Thread 0x0000015f71709000 nmethod 2063 0x0000015f5b84d190 code [0x0000015f5b84d340, 0x0000015f5b84d448]
Event: 20.094 Thread 0x0000015f71709000 2064       3       org.gradle.internal.service.DefaultServiceRegistry$ManagedObjectServiceProvider::requiredBy (20 bytes)
Event: 20.094 Thread 0x0000015f71709000 nmethod 2064 0x0000015f5b84d510 code [0x0000015f5b84d700, 0x0000015f5b84dbc8]
Event: 20.124 Thread 0x0000015f71701800 2066       4       java.util.Arrays::copyOf (40 bytes)
Event: 20.124 Thread 0x0000015f71709000 2065       3       java.lang.invoke.LambdaForm$Name::withConstraint (20 bytes)
Event: 20.124 Thread 0x0000015f71709000 nmethod 2065 0x0000015f5b84dd10 code [0x0000015f5b84dee0, 0x0000015f5b84e0c8]
Event: 20.124 Thread 0x0000015f71709000 2067       3       jdk.internal.org.objectweb.asm.Frame::pop (53 bytes)
Event: 20.125 Thread 0x0000015f71709000 nmethod 2067 0x0000015f5b84e190 code [0x0000015f5b84e3e0, 0x0000015f5b84eb18]
Event: 20.125 Thread 0x0000015f71709000 2068       3       java.lang.invoke.LambdaFormBuffer::changeName (149 bytes)
Event: 20.125 Thread 0x0000015f71709000 nmethod 2068 0x0000015f5b84ee10 code [0x0000015f5b84f000, 0x0000015f5b84f528]
Event: 20.125 Thread 0x0000015f71709000 2069       1       java.util.Collections$EmptyIterator::hasNext (2 bytes)
Event: 20.125 Thread 0x0000015f71709000 nmethod 2069 0x0000015f62a32590 code [0x0000015f62a32740, 0x0000015f62a327f8]
Event: 20.128 Thread 0x0000015f71701800 nmethod 2066 0x0000015f62a32890 code [0x0000015f62a32a40, 0x0000015f62a32e38]
Event: 20.130 Thread 0x0000015f71701800 2070       4       java.net.URLClassLoader$1::run (5 bytes)

GC Heap History (8 events):
Event: 0.715 GC heap before
{Heap before GC invocations=0 (full 0):
 garbage-first heap   total 131072K, used 19456K [0x0000000080000000, 0x0000000100000000)
  region size 1024K, 14 young (14336K), 0 survivors (0K)
 Metaspace       used 6755K, capacity 6929K, committed 7168K, reserved 1056768K
  class space    used 582K, capacity 650K, committed 768K, reserved 1048576K
}
Event: 0.722 GC heap after
{Heap after GC invocations=1 (full 0):
 garbage-first heap   total 131072K, used 7847K [0x0000000080000000, 0x0000000100000000)
  region size 1024K, 2 young (2048K), 2 survivors (2048K)
 Metaspace       used 6755K, capacity 6929K, committed 7168K, reserved 1056768K
  class space    used 582K, capacity 650K, committed 768K, reserved 1048576K
}
Event: 1.055 GC heap before
{Heap before GC invocations=1 (full 0):
 garbage-first heap   total 131072K, used 19111K [0x0000000080000000, 0x0000000100000000)
  region size 1024K, 13 young (13312K), 2 survivors (2048K)
 Metaspace       used 9865K, capacity 10058K, committed 10112K, reserved 1058816K
  class space    used 1022K, capacity 1102K, committed 1152K, reserved 1048576K
}
Event: 1.058 GC heap after
{Heap after GC invocations=2 (full 0):
 garbage-first heap   total 131072K, used 9086K [0x0000000080000000, 0x0000000100000000)
  region size 1024K, 2 young (2048K), 2 survivors (2048K)
 Metaspace       used 9865K, capacity 10058K, committed 10112K, reserved 1058816K
  class space    used 1022K, capacity 1102K, committed 1152K, reserved 1048576K
}
Event: 1.497 GC heap before
{Heap before GC invocations=2 (full 0):
 garbage-first heap   total 131072K, used 39806K [0x0000000080000000, 0x0000000100000000)
  region size 1024K, 31 young (31744K), 2 survivors (2048K)
 Metaspace       used 10789K, capacity 11011K, committed 11264K, reserved 1058816K
  class space    used 1125K, capacity 1206K, committed 1280K, reserved 1048576K
}
Event: 1.499 GC heap after
{Heap after GC invocations=3 (full 0):
 garbage-first heap   total 131072K, used 11477K [0x0000000080000000, 0x0000000100000000)
  region size 1024K, 4 young (4096K), 4 survivors (4096K)
 Metaspace       used 10789K, capacity 11011K, committed 11264K, reserved 1058816K
  class space    used 1125K, capacity 1206K, committed 1280K, reserved 1048576K
}
Event: 14.980 GC heap before
{Heap before GC invocations=3 (full 0):
 garbage-first heap   total 131072K, used 74965K [0x0000000080000000, 0x0000000100000000)
  region size 1024K, 67 young (68608K), 4 survivors (4096K)
 Metaspace       used 20626K, capacity 21126K, committed 21248K, reserved 1067008K
  class space    used 2515K, capacity 2720K, committed 2816K, reserved 1048576K
}
Event: 14.989 GC heap after
{Heap after GC invocations=4 (full 0):
 garbage-first heap   total 131072K, used 16227K [0x0000000080000000, 0x0000000100000000)
  region size 1024K, 9 young (9216K), 9 survivors (9216K)
 Metaspace       used 20626K, capacity 21126K, committed 21248K, reserved 1067008K
  class space    used 2515K, capacity 2720K, committed 2816K, reserved 1048576K
}

Deoptimization events (20 events):
Event: 15.770 Thread 0x0000015f73ed3800 Uncommon trap: trap_request=0xffffffcc fr.pc=0x0000015f62a16158 relative=0x0000000000000298
Event: 15.770 Thread 0x0000015f73ed3800 Uncommon trap: reason=intrinsic_or_type_checked_inlining action=make_not_entrant pc=0x0000015f62a16158 method=java.util.Arrays.copyOf([Ljava/lang/Object;ILjava/lang/Class;)[Ljava/lang/Object; @ 35 c2
Event: 15.770 Thread 0x0000015f73ed3800 DEOPT PACKING pc=0x0000015f62a16158 sp=0x00000049a48fca30
Event: 15.770 Thread 0x0000015f73ed3800 DEOPT UNPACKING pc=0x0000015f5ae965af sp=0x00000049a48fc9c0 mode 2
Event: 15.770 Thread 0x0000015f73ed3800 Uncommon trap: trap_request=0xffffff4d fr.pc=0x0000015f6296a834 relative=0x0000000000000174
Event: 15.770 Thread 0x0000015f73ed3800 Uncommon trap: reason=unstable_if action=reinterpret pc=0x0000015f6296a834 method=java.util.HashMap.getNode(ILjava/lang/Object;)Ljava/util/HashMap$Node; @ 129 c2
Event: 15.770 Thread 0x0000015f73ed3800 DEOPT PACKING pc=0x0000015f6296a834 sp=0x00000049a48fc320
Event: 15.770 Thread 0x0000015f73ed3800 DEOPT UNPACKING pc=0x0000015f5ae965af sp=0x00000049a48fc220 mode 2
Event: 15.770 Thread 0x0000015f73ed3800 Uncommon trap: trap_request=0xffffffc6 fr.pc=0x0000015f62a08684 relative=0x00000000000007e4
Event: 15.770 Thread 0x0000015f73ed3800 Uncommon trap: reason=bimorphic_or_optimized_type_check action=maybe_recompile pc=0x0000015f62a08684 method=java.util.HashMap.putVal(ILjava/lang/Object;Ljava/lang/Object;ZZ)Ljava/lang/Object; @ 203 c2
Event: 15.770 Thread 0x0000015f73ed3800 DEOPT PACKING pc=0x0000015f62a08684 sp=0x00000049a48fc290
Event: 15.770 Thread 0x0000015f73ed3800 DEOPT UNPACKING pc=0x0000015f5ae965af sp=0x00000049a48fc220 mode 2
Event: 15.771 Thread 0x0000015f73ed3800 Uncommon trap: trap_request=0xffffff4d fr.pc=0x0000015f62966894 relative=0x0000000000000354
Event: 15.771 Thread 0x0000015f73ed3800 Uncommon trap: reason=unstable_if action=reinterpret pc=0x0000015f62966894 method=java.util.HashMap.getNode(ILjava/lang/Object;)Ljava/util/HashMap$Node; @ 129 c2
Event: 15.771 Thread 0x0000015f73ed3800 DEOPT PACKING pc=0x0000015f62966894 sp=0x00000049a48fc270
Event: 15.771 Thread 0x0000015f73ed3800 DEOPT UNPACKING pc=0x0000015f5ae965af sp=0x00000049a48fc208 mode 2
Event: 15.828 Thread 0x0000015f73ed3800 Uncommon trap: trap_request=0xffffff4d fr.pc=0x0000015f6299c9b4 relative=0x0000000000000b14
Event: 15.828 Thread 0x0000015f73ed3800 Uncommon trap: reason=unstable_if action=reinterpret pc=0x0000015f6299c9b4 method=java.util.Properties$LineReader.readLine()I @ 249 c2
Event: 15.828 Thread 0x0000015f73ed3800 DEOPT PACKING pc=0x0000015f6299c9b4 sp=0x00000049a48fc280
Event: 15.828 Thread 0x0000015f73ed3800 DEOPT UNPACKING pc=0x0000015f5ae965af sp=0x00000049a48fc220 mode 2

Classes redefined (0 events):
No events

Internal exceptions (20 events):
Event: 2.935 Thread 0x0000015f73ed7000 Exception <a 'java/lang/NoSuchMethodError'{0x0000000085c86a90}: <clinit>> (0x0000000085c86a90) thrown at [./src/hotspot/share/prims/jni.cpp, line 1362]
Event: 4.612 Thread 0x0000015f73ed3800 Exception <a 'java/lang/NoSuchMethodError'{0x00000000859957e8}: 'void java.lang.invoke.DirectMethodHandle$Holder.invokeVirtual(java.lang.Object, java.lang.Object, java.lang.Object, java.lang.Object)'> (0x00000000859957e8) thrown at [./src/hotspot/share/interpreter/linkResolver.cpp, line 773]
Event: 4.615 Thread 0x0000015f73ed3800 Exception <a 'java/lang/NoSuchMethodError'{0x00000000859a2250}: 'void java.lang.invoke.DelegatingMethodHandle$Holder.reinvoke_L(java.lang.Object, java.lang.Object, java.lang.Object, java.lang.Object)'> (0x00000000859a2250) thrown at [./src/hotspot/share/interpreter/linkResolver.cpp, line 773]
Event: 4.627 Thread 0x0000015f73ed3800 Exception <a 'java/lang/NoSuchMethodError'{0x00000000859d2be0}: 'long java.lang.invoke.DirectMethodHandle$Holder.invokeInterface(java.lang.Object, java.lang.Object)'> (0x00000000859d2be0) thrown at [./src/hotspot/share/interpreter/linkResolver.cpp, line 773]
Event: 4.632 Thread 0x0000015f73ed3800 Exception <a 'java/lang/NoSuchMethodError'{0x00000000859f58a8}: 'void java.lang.invoke.DelegatingMethodHandle$Holder.reinvoke_L(java.lang.Object, java.lang.Object, java.lang.Object, java.lang.Object, java.lang.Object, java.lang.Object, java.lang.Object)'> (0x00000000859f58a8) thrown at [./src/hotspot/share/interpreter/linkResolver.cpp, line 773]
Event: 11.094 Thread 0x0000015f73ed3800 Exception <a 'java/lang/NoSuchMethodError'{0x000000008480c6d8}: 'java.lang.Object java.lang.invoke.DirectMethodHandle$Holder.invokeVirtual(java.lang.Object, java.lang.Object, java.lang.Object)'> (0x000000008480c6d8) thrown at [./src/hotspot/share/interpreter/linkResolver.cpp, line 773]
Event: 13.399 Thread 0x0000015f73ed3800 Exception <a 'java/lang/NoSuchMethodError'{0x00000000845afc00}: 'void java.lang.invoke.DirectMethodHandle$Holder.invokeInterface(java.lang.Object, java.lang.Object)'> (0x00000000845afc00) thrown at [./src/hotspot/share/interpreter/linkResolver.cpp, line 773]
Event: 13.400 Thread 0x0000015f73ed3800 Exception <a 'java/lang/IncompatibleClassChangeError'{0x00000000845b2db0}: Found class java.lang.Object, but interface was expected> (0x00000000845b2db0) thrown at [./src/hotspot/share/interpreter/linkResolver.cpp, line 839]
Event: 13.570 Thread 0x0000015f73ed3800 Exception <a 'java/lang/NoSuchMethodError'{0x0000000084328000}: 'void java.lang.invoke.DirectMethodHandle$Holder.invokeStaticInit(java.lang.Object)'> (0x0000000084328000) thrown at [./src/hotspot/share/interpreter/linkResolver.cpp, line 773]
Event: 14.376 Thread 0x0000015f73ed3800 Exception <a 'java/lang/NoSuchMethodError'{0x0000000084194480}: 'java.lang.Object java.lang.invoke.DirectMethodHandle$Holder.invokeStatic(java.lang.Object, java.lang.Object, java.lang.Object, int)'> (0x0000000084194480) thrown at [./src/hotspot/share/interpreter/linkResolver.cpp, line 773]
Event: 14.376 Thread 0x0000015f73ed3800 Exception <a 'java/lang/NoSuchMethodError'{0x0000000084198648}: 'java.lang.Object java.lang.invoke.DirectMethodHandle$Holder.invokeSpecial(java.lang.Object, java.lang.Object, java.lang.Object, java.lang.Object, int)'> (0x0000000084198648) thrown at [./src/hotspot/share/interpreter/linkResolver.cpp, line 773]
Event: 14.377 Thread 0x0000015f73ed3800 Exception <a 'java/lang/NoSuchMethodError'{0x000000008419c030}: 'java.lang.Object java.lang.invoke.Invokers$Holder.linkToTargetMethod(java.lang.Object, java.lang.Object, int, java.lang.Object)'> (0x000000008419c030) thrown at [./src/hotspot/share/interpreter/linkResolver.cpp, line 773]
Event: 15.109 Thread 0x0000015f73ed3800 Exception <a 'java/lang/NoSuchMethodError'{0x0000000087f7b318}: 'int java.lang.invoke.DirectMethodHandle$Holder.invokeSpecialIFC(java.lang.Object, java.lang.Object, java.lang.Object, java.lang.Object)'> (0x0000000087f7b318) thrown at [./src/hotspot/share/interpreter/linkResolver.cpp, line 773]
Event: 15.112 Thread 0x0000015f73ed3800 Exception <a 'java/lang/NoSuchMethodError'{0x0000000087fc3020}: 'java.lang.Object java.lang.invoke.DirectMethodHandle$Holder.invokeInterface(java.lang.Object, java.lang.Object, java.lang.Object)'> (0x0000000087fc3020) thrown at [./src/hotspot/share/interpreter/linkResolver.cpp, line 773]
Event: 15.112 Thread 0x0000015f73ed3800 Exception <a 'java/lang/IncompatibleClassChangeError'{0x0000000087fc64f8}: Found class java.lang.Object, but interface was expected> (0x0000000087fc64f8) thrown at [./src/hotspot/share/interpreter/linkResolver.cpp, line 839]
Event: 15.145 Thread 0x0000015f73ed3800 Exception <a 'java/lang/NoSuchMethodError'{0x0000000087e7c788}: 'void java.lang.invoke.DirectMethodHandle$Holder.invokeStatic(java.lang.Object, java.lang.Object, java.lang.Object, java.lang.Object, java.lang.Object)'> (0x0000000087e7c788) thrown at [./src/hotspot/share/interpreter/linkResolver.cpp, line 773]
Event: 15.916 Thread 0x0000015f73ed3800 Exception <a 'java/lang/NoSuchMethodError'{0x0000000087afb2e8}: 'void java.lang.invoke.DirectMethodHandle$Holder.invokeSpecial(java.lang.Object, java.lang.Object)'> (0x0000000087afb2e8) thrown at [./src/hotspot/share/interpreter/linkResolver.cpp, line 773]
Event: 17.039 Thread 0x0000015f73ed3800 Exception <a 'java/lang/NoSuchMethodError'{0x0000000087768198}: 'java.lang.Object java.lang.invoke.DirectMethodHandle$Holder.invokeSpecial(java.lang.Object, java.lang.Object, java.lang.Object, java.lang.Object, java.lang.Object, java.lang.Object, java.lang.Object, java.lang.Object, java.lang.Object)'> (0x0000000087768198) thrown at [./src/hotspot/share/interpreter/linkResolver.cpp, line 773]
Event: 19.591 Thread 0x0000015f73ed3800 Exception <a 'java/lang/NoSuchMethodError'{0x0000000086ee0878}: 'java.lang.Object java.lang.invoke.DirectMethodHandle$Holder.invokeVirtual(java.lang.Object, java.lang.Object, java.lang.Object, java.lang.Object)'> (0x0000000086ee0878) thrown at [./src/hotspot/share/interpreter/linkResolver.cpp, line 773]
Event: 20.123 Thread 0x0000015f73ed3800 Exception <a 'java/lang/NoSuchMethodError'{0x0000000086baa228}: 'java.lang.Object java.lang.invoke.Invokers$Holder.invoker(java.lang.Object, java.lang.Object, java.lang.Object, java.lang.Object, java.lang.Object)'> (0x0000000086baa228) thrown at [./src/hotspot/share/interpreter/linkResolver.cpp, line 773]

Events (20 events):
Event: 20.128 loading class org/gradle/internal/instantiation/generator/AbstractClassGenerator$ClassGenerationHandler
Event: 20.128 loading class org/gradle/internal/instantiation/generator/AbstractClassGenerator$ClassGenerationHandler done
Event: 20.128 loading class org/gradle/internal/instantiation/generator/AbstractClassGenerator$InjectAnnotationPropertyHandler
Event: 20.128 loading class org/gradle/internal/instantiation/generator/AbstractClassGenerator$InjectAnnotationPropertyHandler done
Event: 20.128 loading class org/gradle/internal/instantiation/generator/AbstractClassGenerator$AbstractInjectedPropertyHandler
Event: 20.128 loading class org/gradle/internal/instantiation/generator/AbstractClassGenerator$AbstractInjectedPropertyHandler done
Event: 20.129 loading class org/gradle/internal/instantiation/generator/AbstractClassGenerator$PropertyTypePropertyHandler
Event: 20.129 loading class org/gradle/internal/instantiation/generator/AbstractClassGenerator$PropertyTypePropertyHandler done
Event: 20.129 loading class org/gradle/internal/instantiation/generator/AbstractClassGenerator$ManagedPropertiesHandler
Event: 20.129 loading class org/gradle/internal/instantiation/generator/AbstractClassGenerator$ManagedPropertiesHandler done
Event: 20.129 loading class org/gradle/internal/instantiation/generator/AbstractClassGenerator$NamePropertyHandler
Event: 20.129 loading class org/gradle/internal/instantiation/generator/AbstractClassGenerator$NamePropertyHandler done
Event: 20.129 loading class org/gradle/internal/instantiation/generator/AbstractClassGenerator$ExtensibleTypePropertyHandler
Event: 20.129 loading class org/gradle/internal/instantiation/generator/AbstractClassGenerator$ExtensibleTypePropertyHandler done
Event: 20.130 loading class org/gradle/internal/instantiation/generator/AbstractClassGenerator$DslMixInPropertyType
Event: 20.130 loading class org/gradle/internal/instantiation/generator/AbstractClassGenerator$DslMixInPropertyType done
Event: 20.130 loading class org/gradle/internal/reflect/MethodSet
Event: 20.130 loading class org/gradle/internal/reflect/MethodSet done
Event: 20.171 loading class com/google/common/collect/LinkedHashMultimap
Event: 20.171 loading class com/google/common/collect/LinkedHashMultimap done


Dynamic libraries:
0x00007ff659570000 - 0x00007ff65957a000 	C:\Program Files\Android\Android Studio\jre\bin\java.exe
0x00007ff8d5030000 - 0x00007ff8d5225000 	C:\WINDOWS\SYSTEM32\ntdll.dll
0x00007ff8d4cd0000 - 0x00007ff8d4d8e000 	C:\WINDOWS\System32\KERNEL32.DLL
0x00007ff8d2d90000 - 0x00007ff8d3058000 	C:\WINDOWS\System32\KERNELBASE.dll
0x00007ff8d2c90000 - 0x00007ff8d2d90000 	C:\WINDOWS\System32\ucrtbase.dll
0x00007ff8b4e30000 - 0x00007ff8b4e47000 	C:\Program Files\Android\Android Studio\jre\bin\VCRUNTIME140.dll
0x00007ff8b4210000 - 0x00007ff8b4229000 	C:\Program Files\Android\Android Studio\jre\bin\jli.dll
0x00007ff8d3eb0000 - 0x00007ff8d4050000 	C:\WINDOWS\System32\USER32.dll
0x00007ff8d2c60000 - 0x00007ff8d2c82000 	C:\WINDOWS\System32\win32u.dll
0x00007ff8b3a60000 - 0x00007ff8b3cfa000 	C:\WINDOWS\WinSxS\amd64_microsoft.windows.common-controls_6595b64144ccf1df_6.0.19041.1110_none_60b5254171f9507e\COMCTL32.dll
0x00007ff8d32a0000 - 0x00007ff8d32cb000 	C:\WINDOWS\System32\GDI32.dll
0x00007ff8d4740000 - 0x00007ff8d47de000 	C:\WINDOWS\System32\msvcrt.dll
0x00007ff8d29b0000 - 0x00007ff8d2abb000 	C:\WINDOWS\System32\gdi32full.dll
0x00007ff8d2b30000 - 0x00007ff8d2bcd000 	C:\WINDOWS\System32\msvcp_win.dll
0x00007ff8d3090000 - 0x00007ff8d30c0000 	C:\WINDOWS\System32\IMM32.DLL
0x00007ff8ac000000 - 0x00007ff8ac09d000 	C:\Program Files\Android\Android Studio\jre\bin\msvcp140.dll
0x00007ff8a6650000 - 0x00007ff8a7125000 	C:\Program Files\Android\Android Studio\jre\bin\server\jvm.dll
0x00007ff8d31f0000 - 0x00007ff8d329e000 	C:\WINDOWS\System32\ADVAPI32.dll
0x00007ff8d4530000 - 0x00007ff8d45cc000 	C:\WINDOWS\System32\sechost.dll
0x00007ff8d30c0000 - 0x00007ff8d31e5000 	C:\WINDOWS\System32\RPCRT4.dll
0x00007ff8d4050000 - 0x00007ff8d4058000 	C:\WINDOWS\System32\PSAPI.DLL
0x00007ff8c9bb0000 - 0x00007ff8c9bd7000 	C:\WINDOWS\SYSTEM32\WINMM.dll
0x00007ff8c3cc0000 - 0x00007ff8c3cc9000 	C:\WINDOWS\SYSTEM32\WSOCK32.dll
0x00007ff8c9be0000 - 0x00007ff8c9bea000 	C:\WINDOWS\SYSTEM32\VERSION.dll
0x00007ff8d3d20000 - 0x00007ff8d3d8b000 	C:\WINDOWS\System32\WS2_32.dll
0x00007ff8d0570000 - 0x00007ff8d0582000 	C:\WINDOWS\SYSTEM32\kernel.appcore.dll
0x00007ff8cf5a0000 - 0x00007ff8cf5b1000 	C:\Program Files\Android\Android Studio\jre\bin\verify.dll
0x00007ff8c0170000 - 0x00007ff8c0354000 	C:\WINDOWS\SYSTEM32\DBGHELP.DLL
0x00007ff8c0140000 - 0x00007ff8c016c000 	C:\WINDOWS\SYSTEM32\dbgcore.DLL
0x00007ff8d2bd0000 - 0x00007ff8d2c52000 	C:\WINDOWS\System32\bcryptPrimitives.dll
0x00007ff8ba270000 - 0x00007ff8ba299000 	C:\Program Files\Android\Android Studio\jre\bin\java.dll
0x00007ff8cff00000 - 0x00007ff8cff0b000 	C:\Program Files\Android\Android Studio\jre\bin\jimage.dll
0x00007ff8cf580000 - 0x00007ff8cf598000 	C:\Program Files\Android\Android Studio\jre\bin\zip.dll
0x00007ff8d34e0000 - 0x00007ff8d3c24000 	C:\WINDOWS\System32\SHELL32.dll
0x00007ff8d0880000 - 0x00007ff8d1014000 	C:\WINDOWS\SYSTEM32\windows.storage.dll
0x00007ff8d40e0000 - 0x00007ff8d4434000 	C:\WINDOWS\System32\combase.dll
0x00007ff8d20e0000 - 0x00007ff8d210c000 	C:\WINDOWS\SYSTEM32\Wldp.dll
0x00007ff8d45e0000 - 0x00007ff8d468d000 	C:\WINDOWS\System32\SHCORE.dll
0x00007ff8d3cc0000 - 0x00007ff8d3d15000 	C:\WINDOWS\System32\shlwapi.dll
0x00007ff8d2690000 - 0x00007ff8d26af000 	C:\WINDOWS\SYSTEM32\profapi.dll
0x00007ff8ccb80000 - 0x00007ff8ccb9a000 	C:\Program Files\Android\Android Studio\jre\bin\net.dll
0x00007ff8ca500000 - 0x00007ff8ca609000 	C:\WINDOWS\SYSTEM32\WINHTTP.dll
0x00007ff8d1e40000 - 0x00007ff8d1eaa000 	C:\WINDOWS\system32\mswsock.dll
0x00007ff8cb690000 - 0x00007ff8cb6a4000 	C:\Program Files\Android\Android Studio\jre\bin\nio.dll
0x00007ff8b3710000 - 0x00007ff8b3737000 	C:\Users\Matt\.gradle\native\8bec1ad78214c89d9ad589b4d07fe93259594b29d510b10fafb7a158f7737e5d\windows-amd64\native-platform.dll
0x00007ff8acd70000 - 0x00007ff8acead000 	C:\Users\Matt\.gradle\native\53dbd7edfb1c66fb8903c78663c9afc45aea4f116125fa6feffd364cf09443e8\windows-amd64\native-platform-file-events.dll
0x00007ff8cfd40000 - 0x00007ff8cfd4a000 	C:\Program Files\Android\Android Studio\jre\bin\management.dll
0x00007ff8cfc50000 - 0x00007ff8cfc5d000 	C:\Program Files\Android\Android Studio\jre\bin\management_ext.dll
0x00007ff8d2040000 - 0x00007ff8d2058000 	C:\WINDOWS\SYSTEM32\CRYPTSP.dll
0x00007ff8d17c0000 - 0x00007ff8d17f4000 	C:\WINDOWS\system32\rsaenh.dll
0x00007ff8d3060000 - 0x00007ff8d3087000 	C:\WINDOWS\System32\bcrypt.dll
0x00007ff8d25e0000 - 0x00007ff8d260e000 	C:\WINDOWS\SYSTEM32\USERENV.dll
0x00007ff8d2030000 - 0x00007ff8d203c000 	C:\WINDOWS\SYSTEM32\CRYPTBASE.dll
0x00007ff8d1b30000 - 0x00007ff8d1b6b000 	C:\WINDOWS\SYSTEM32\IPHLPAPI.DLL
0x00007ff8d4440000 - 0x00007ff8d4448000 	C:\WINDOWS\System32\NSI.dll
0x00007ff8cb9d0000 - 0x00007ff8cb9e7000 	C:\WINDOWS\SYSTEM32\dhcpcsvc6.DLL
0x00007ff8cbf60000 - 0x00007ff8cbf7d000 	C:\WINDOWS\SYSTEM32\dhcpcsvc.DLL
0x00007ff8d1b70000 - 0x00007ff8d1c3a000 	C:\WINDOWS\SYSTEM32\DNSAPI.dll

dbghelp: loaded successfully - version: 4.0.5 - missing functions: none
symbol engine: initialized successfully - sym options: 0x614 - pdb path: .;C:\Program Files\Android\Android Studio\jre\bin;C:\WINDOWS\SYSTEM32;C:\WINDOWS\WinSxS\amd64_microsoft.windows.common-controls_6595b64144ccf1df_6.0.19041.1110_none_60b5254171f9507e;C:\Program Files\Android\Android Studio\jre\bin\server;C:\Users\Matt\.gradle\native\8bec1ad78214c89d9ad589b4d07fe93259594b29d510b10fafb7a158f7737e5d\windows-amd64;C:\Users\Matt\.gradle\native\53dbd7edfb1c66fb8903c78663c9afc45aea4f116125fa6feffd364cf09443e8\windows-amd64

VM Arguments:
jvm_args: --add-opens=java.base/java.util=ALL-UNNAMED --add-opens=java.base/java.lang=ALL-UNNAMED --add-opens=java.base/java.lang.invoke=ALL-UNNAMED --add-opens=java.base/java.util=ALL-UNNAMED --add-opens=java.prefs/java.util.prefs=ALL-UNNAMED --add-opens=java.prefs/java.util.prefs=ALL-UNNAMED --add-opens=java.base/java.nio.charset=ALL-UNNAMED --add-opens=java.base/java.net=ALL-UNNAMED --add-opens=java.base/java.util.concurrent.atomic=ALL-UNNAMED -Xmx2048m -Dfile.encoding=UTF-8 -Duser.country=US -Duser.language=en -Duser.variant 
java_command: org.gradle.launcher.daemon.bootstrap.GradleDaemon 7.0.2
java_class_path (initial): C:\Users\Matt\.gradle\wrapper\dists\gradle-7.0.2-bin\857tjihv64xamwrf0h14cai3r\gradle-7.0.2\lib\gradle-launcher-7.0.2.jar
Launcher Type: SUN_STANDARD

[Global flags]
     intx CICompilerCount                          = 3                                         {product} {ergonomic}
     uint ConcGCThreads                            = 1                                         {product} {ergonomic}
     uint G1ConcRefinementThreads                  = 4                                         {product} {ergonomic}
   size_t G1HeapRegionSize                         = 1048576                                   {product} {ergonomic}
    uintx GCDrainStackTargetSize                   = 64                                        {product} {ergonomic}
   size_t InitialHeapSize                          = 134217728                                 {product} {ergonomic}
   size_t MarkStackSize                            = 4194304                                   {product} {ergonomic}
   size_t MaxHeapSize                              = 2147483648                                {product} {command line}
   size_t MaxNewSize                               = 1287651328                                {product} {ergonomic}
   size_t MinHeapDeltaBytes                        = 1048576                                   {product} {ergonomic}
    uintx NonNMethodCodeHeapSize                   = 5830732                                {pd product} {ergonomic}
    uintx NonProfiledCodeHeapSize                  = 122913754                              {pd product} {ergonomic}
    uintx ProfiledCodeHeapSize                     = 122913754                              {pd product} {ergonomic}
    uintx ReservedCodeCacheSize                    = 251658240                              {pd product} {ergonomic}
     bool SegmentedCodeCache                       = true                                      {product} {ergonomic}
     bool UseCompressedClassPointers               = true                                 {lp64_product} {ergonomic}
     bool UseCompressedOops                        = true                                 {lp64_product} {ergonomic}
     bool UseG1GC                                  = true                                      {product} {ergonomic}
     bool UseLargePagesIndividualAllocation        = false                                  {pd product} {ergonomic}

Logging:
Log output configuration:
 #0: stdout all=warning uptime,level,tags
 #1: stderr all=off uptime,level,tags

Environment Variables:
PATH=C:\Program Files (x86)\Common Files\Oracle\Java\javapath;C:\Program Files\Oculus\Support\oculus-runtime;C:\Program Files (x86)\Java\jdk1.8.0_291;C:\Program Files (x86)\NVIDIA Corporation\PhysX\Common;C:\WINDOWS\system32;C:\WINDOWS;C:\WINDOWS\System32\Wbem;C:\WINDOWS\System32\WindowsPowerShell\v1.0\;C:\Program Files\Intel\DMIX;C:\Program Files (x86)\ATI Technologies\ATI.ACE\Core-Static;C:\WINDOWS\System32\OpenSSH\;C:\Program Files\Microsoft VS Code\bin;C:\Program Files\Git\cmd;C:\Program Files\Inkscape\bin;C:\Users\Matt\AppData\Local\Microsoft\WindowsApps;C:\Users\Matt\Documents\Development\flutter\bin;C:\Users\Matt\AppData\Local\Programs\Microsoft VS Code\bin;C:\Users\Matt\AppData\Local\Android\Sdk\tools\bin;C:\Program Files (x86)\Java\jdk1.8.0_291\bin;
USERNAME=Pills
OS=Windows_NT
PROCESSOR_IDENTIFIER=Intel64 Family 6 Model 42 Stepping 7, GenuineIntel



---------------  S Y S T E M  ---------------

OS: Windows 10 , 64 bit Build 19041 (10.0.19041.1566)
OS uptime: 5 days 9:22 hours

CPU:total 4 (initial active 4) (4 cores per cpu, 1 threads per core) family 6 model 42 stepping 7 microcode 0x2f, cmov, cx8, fxsr, mmx, sse, sse2, sse3, ssse3, sse4.1, sse4.2, popcnt, avx, aes, clmul, tsc, tscinvbit

Memory: 4k page, system-wide physical 8159M (427M free)
TotalPageFile size 32735M (AvailPageFile size 5M)
current process WorkingSet (physical memory assigned to process): 181M, peak: 181M
current process commit charge ("private bytes"): 257M, peak: 258M

vm_info: OpenJDK 64-Bit Server VM (11.0.11+9-b60-7590822) for windows-amd64 JRE (11.0.11+9-b60-7590822), built on Jul 29 2021 21:43:44 by "builder" with MS VC++ 14.0 (VS2015)

END.
